<?xml version="1.0" encoding="UTF-8"?>
<testsuite xmlns:xsi="http://www.w3.org/2001/XMLSchema-instance" xsi:noNamespaceSchemaLocation="https://maven.apache.org/surefire/maven-surefire-plugin/xsd/surefire-test-report-3.0.xsd" version="3.0" name="com.srmasset.ApplicationTests" time="4.706" tests="1" errors="0" skipped="0" failures="0">
  <properties>
[...]
</properties>
  <testcase name="contextLoads" classname="com.srmasset.ApplicationTests" time="0.468">
    <system-out><![CDATA[15:37:13.212 [main] INFO org.springframework.test.context.support.AnnotationConfigContextLoaderUtils -- Could not detect default configuration classes for test class [com.srmasset.ApplicationTests]: ApplicationTests does not declare any static, non-private, non-final, nested classes annotated with @Configuration.
15:37:13.318 [main] INFO org.springframework.boot.test.context.SpringBootTestContextBootstrapper -- Found @SpringBootConfiguration com.srmasset.Application for test class com.srmasset.ApplicationTests

  .   ____          _            __ _ _
 /\\ / ___'_ __ _ _(_)_ __  __ _ \ \ \ \
( ( )\___ | '_ | '_| | '_ \/ _` | \ \ \ \
 \\/  ___)| |_)| | | | | || (_| |  ) ) ) )
  '  |____| .__|_| |_|_| |_\__, | / / / /
 =========|_|==============|___/=/_/_/_/
 :: Spring Boot ::                (v3.2.5)

2024-05-20T15:37:13.776-03:00  INFO 739374 --- [person-service] [           main] com.srmasset.ApplicationTests            : Starting ApplicationTests using Java 17.0.11 with PID 739374 (started by thallyssonk in /home/thallyssonk/Área de trabalho/CurrentProjects/TesteTecnicoWeFin/loan-service)
2024-05-20T15:37:13.777-03:00 DEBUG 739374 --- [person-service] [           main] com.srmasset.ApplicationTests            : Running with Spring Boot v3.2.5, Spring v6.1.6
2024-05-20T15:37:13.778-03:00  INFO 739374 --- [person-service] [           main] com.srmasset.ApplicationTests            : No active profile set, falling back to 1 default profile: "default"
2024-05-20T15:37:13.779-03:00 DEBUG 739374 --- [person-service] [           main] o.s.boot.SpringApplication               : Loading source class com.srmasset.Application
2024-05-20T15:37:13.814-03:00 DEBUG 739374 --- [person-service] [           main] o.s.w.c.s.GenericWebApplicationContext   : Refreshing org.springframework.web.context.support.GenericWebApplicationContext@2c22a348
2024-05-20T15:37:13.831-03:00 DEBUG 739374 --- [person-service] [           main] o.s.b.f.s.DefaultListableBeanFactory     : Creating shared instance of singleton bean 'org.springframework.context.annotation.internalConfigurationAnnotationProcessor'
2024-05-20T15:37:13.840-03:00 DEBUG 739374 --- [person-service] [           main] o.s.b.f.s.DefaultListableBeanFactory     : Creating shared instance of singleton bean 'org.springframework.boot.autoconfigure.internalCachingMetadataReaderFactory'
2024-05-20T15:37:13.865-03:00 DEBUG 739374 --- [person-service] [           main] o.s.c.a.ClassPathBeanDefinitionScanner   : Identified candidate component class: file [/home/thallyssonk/Área de trabalho/CurrentProjects/TesteTecnicoWeFin/loan-service/target/classes/com/srmasset/adapters/inbound/http/InboundLoanAdapter.class]
2024-05-20T15:37:13.865-03:00 DEBUG 739374 --- [person-service] [           main] o.s.c.a.ClassPathBeanDefinitionScanner   : Identified candidate component class: file [/home/thallyssonk/Área de trabalho/CurrentProjects/TesteTecnicoWeFin/loan-service/target/classes/com/srmasset/adapters/outbound/database/OutboundLoanAdapter.class]
2024-05-20T15:37:13.866-03:00 DEBUG 739374 --- [person-service] [           main] o.s.c.a.ClassPathBeanDefinitionScanner   : Identified candidate component class: file [/home/thallyssonk/Área de trabalho/CurrentProjects/TesteTecnicoWeFin/loan-service/target/classes/com/srmasset/adapters/outbound/http/OutboundPersonAdapter.class]
2024-05-20T15:37:13.867-03:00 DEBUG 739374 --- [person-service] [           main] o.s.c.a.ClassPathBeanDefinitionScanner   : Identified candidate component class: file [/home/thallyssonk/Área de trabalho/CurrentProjects/TesteTecnicoWeFin/loan-service/target/classes/com/srmasset/domain/loan/service/LoanService.class]
2024-05-20T15:37:13.874-03:00 DEBUG 739374 --- [person-service] [           main] o.s.c.a.ClassPathBeanDefinitionScanner   : Identified candidate component class: file [/home/thallyssonk/Área de trabalho/CurrentProjects/TesteTecnicoWeFin/loan-service/target/classes/com/srmasset/ports/inbound/http/controllers/GlobalErrorHandler.class]
2024-05-20T15:37:13.880-03:00 DEBUG 739374 --- [person-service] [           main] o.s.c.a.ClassPathBeanDefinitionScanner   : Identified candidate component class: file [/home/thallyssonk/Área de trabalho/CurrentProjects/TesteTecnicoWeFin/loan-service/target/classes/com/srmasset/ports/inbound/http/controllers/LoanController.class]
2024-05-20T15:37:13.882-03:00 DEBUG 739374 --- [person-service] [           main] o.s.c.a.ClassPathBeanDefinitionScanner   : Ignored because not a concrete top-level class: file [/home/thallyssonk/Área de trabalho/CurrentProjects/TesteTecnicoWeFin/loan-service/target/classes/com/srmasset/ports/outbound/database/loan/OutboundLoanRepositoryPort.class]
2024-05-20T15:37:13.884-03:00 DEBUG 739374 --- [person-service] [           main] o.s.c.a.ClassPathBeanDefinitionScanner   : Identified candidate component class: file [/home/thallyssonk/Área de trabalho/CurrentProjects/TesteTecnicoWeFin/loan-service/target/classes/com/srmasset/ports/outbound/http/HttpClientSingleton.class]
2024-05-20T15:37:13.885-03:00 DEBUG 739374 --- [person-service] [           main] o.s.c.a.ClassPathBeanDefinitionScanner   : Identified candidate component class: file [/home/thallyssonk/Área de trabalho/CurrentProjects/TesteTecnicoWeFin/loan-service/target/classes/com/srmasset/ports/outbound/http/OutboundPersonPort.class]
2024-05-20T15:37:13.885-03:00 DEBUG 739374 --- [person-service] [           main] o.s.c.a.ClassPathBeanDefinitionScanner   : Identified candidate component class: file [/home/thallyssonk/Área de trabalho/CurrentProjects/TesteTecnicoWeFin/loan-service/target/classes/com/srmasset/ports/outbound/observability/MetricCollector.class]
2024-05-20T15:37:14.428-03:00  INFO 739374 --- [person-service] [           main] .s.d.r.c.RepositoryConfigurationDelegate : Bootstrapping Spring Data JPA repositories in DEFAULT mode.
2024-05-20T15:37:14.435-03:00 DEBUG 739374 --- [person-service] [           main] o.s.b.f.s.DefaultListableBeanFactory     : Creating shared instance of singleton bean 'org.springframework.boot.autoconfigure.AutoConfigurationPackages'
2024-05-20T15:37:14.442-03:00 DEBUG 739374 --- [person-service] [           main] o.s.b.a.AutoConfigurationPackages        : @EnableAutoConfiguration was declared on a class in the package 'com.srmasset'. Automatic @Repository and @Entity scanning is enabled.
2024-05-20T15:37:14.443-03:00 DEBUG 739374 --- [person-service] [           main] .s.d.r.c.RepositoryConfigurationDelegate : Scanning for JPA repositories in packages com.srmasset.
2024-05-20T15:37:14.454-03:00 DEBUG 739374 --- [person-service] [           main] o.s.d.r.c.RepositoryComponentProvider    : Identified candidate component class: file [/home/thallyssonk/Área de trabalho/CurrentProjects/TesteTecnicoWeFin/loan-service/target/classes/com/srmasset/ports/outbound/database/loan/OutboundLoanRepositoryPort.class]
2024-05-20T15:37:14.488-03:00  INFO 739374 --- [person-service] [           main] .s.d.r.c.RepositoryConfigurationDelegate : Finished Spring Data repository scanning in 43 ms. Found 1 JPA repository interface.
2024-05-20T15:37:14.653-03:00 DEBUG 739374 --- [person-service] [           main] o.s.b.f.s.DefaultListableBeanFactory     : Creating shared instance of singleton bean 'propertySourcesPlaceholderConfigurer'
2024-05-20T15:37:14.657-03:00 DEBUG 739374 --- [person-service] [           main] o.s.b.f.s.DefaultListableBeanFactory     : Creating shared instance of singleton bean 'org.springframework.boot.test.mock.mockito.MockitoPostProcessor'
2024-05-20T15:37:14.658-03:00 DEBUG 739374 --- [person-service] [           main] o.s.b.f.s.DefaultListableBeanFactory     : Creating shared instance of singleton bean 'emBeanDefinitionRegistrarPostProcessor'
2024-05-20T15:37:14.658-03:00 DEBUG 739374 --- [person-service] [           main] o.s.b.f.s.DefaultListableBeanFactory     : Creating shared instance of singleton bean 'org.springframework.boot.sql.init.dependency.DatabaseInitializationDependencyConfigurer$DependsOnDatabaseInitializationPostProcessor'
2024-05-20T15:37:14.703-03:00 DEBUG 739374 --- [person-service] [           main] o.s.b.f.s.DefaultListableBeanFactory     : Creating shared instance of singleton bean 'org.springframework.context.event.internalEventListenerProcessor'
2024-05-20T15:37:14.704-03:00 DEBUG 739374 --- [person-service] [           main] o.s.b.f.s.DefaultListableBeanFactory     : Creating shared instance of singleton bean 'preserveErrorControllerTargetClassPostProcessor'
2024-05-20T15:37:14.705-03:00 DEBUG 739374 --- [person-service] [           main] o.s.b.f.s.DefaultListableBeanFactory     : Creating shared instance of singleton bean 'org.springframework.context.event.internalEventListenerFactory'
2024-05-20T15:37:14.706-03:00 DEBUG 739374 --- [person-service] [           main] o.s.b.f.s.DefaultListableBeanFactory     : Creating shared instance of singleton bean 'org.springframework.transaction.config.internalTransactionalEventListenerFactory'
2024-05-20T15:37:14.710-03:00 DEBUG 739374 --- [person-service] [           main] o.s.b.f.s.DefaultListableBeanFactory     : Creating shared instance of singleton bean 'org.springframework.boot.test.mock.mockito.MockitoPostProcessor$SpyPostProcessor'
2024-05-20T15:37:14.711-03:00 DEBUG 739374 --- [person-service] [           main] o.s.b.f.s.DefaultListableBeanFactory     : Creating shared instance of singleton bean 'org.springframework.context.annotation.internalAutowiredAnnotationProcessor'
2024-05-20T15:37:14.719-03:00 DEBUG 739374 --- [person-service] [           main] o.s.b.f.s.DefaultListableBeanFactory     : Creating shared instance of singleton bean 'org.springframework.context.annotation.internalCommonAnnotationProcessor'
2024-05-20T15:37:14.723-03:00 DEBUG 739374 --- [person-service] [           main] o.s.b.f.s.DefaultListableBeanFactory     : Creating shared instance of singleton bean 'org.springframework.context.annotation.internalPersistenceAnnotationProcessor'
2024-05-20T15:37:14.723-03:00 DEBUG 739374 --- [person-service] [           main] o.s.b.f.s.DefaultListableBeanFactory     : Creating shared instance of singleton bean 'org.springframework.boot.context.properties.ConfigurationPropertiesBindingPostProcessor'
2024-05-20T15:37:14.724-03:00 DEBUG 739374 --- [person-service] [           main] o.s.b.f.s.DefaultListableBeanFactory     : Creating shared instance of singleton bean 'org.springframework.boot.context.internalConfigurationPropertiesBinder'
2024-05-20T15:37:14.726-03:00 DEBUG 739374 --- [person-service] [           main] o.s.b.f.s.DefaultListableBeanFactory     : Creating shared instance of singleton bean 'jdbcConnectionDetailsHikariBeanPostProcessor'
2024-05-20T15:37:14.731-03:00 DEBUG 739374 --- [person-service] [           main] o.s.b.f.s.DefaultListableBeanFactory     : Creating shared instance of singleton bean 'org.springframework.aop.config.internalAutoProxyCreator'
2024-05-20T15:37:14.751-03:00 DEBUG 739374 --- [person-service] [           main] o.s.b.f.s.DefaultListableBeanFactory     : Creating shared instance of singleton bean 'persistenceExceptionTranslationPostProcessor'
2024-05-20T15:37:14.762-03:00 DEBUG 739374 --- [person-service] [           main] o.s.b.f.s.DefaultListableBeanFactory     : Autowiring by type from bean name 'persistenceExceptionTranslationPostProcessor' via factory method to bean named 'environment'
2024-05-20T15:37:14.767-03:00 DEBUG 739374 --- [person-service] [           main] o.s.b.f.s.DefaultListableBeanFactory     : Creating shared instance of singleton bean 'webServerFactoryCustomizerBeanPostProcessor'
2024-05-20T15:37:14.769-03:00 DEBUG 739374 --- [person-service] [           main] o.s.b.f.s.DefaultListableBeanFactory     : Creating shared instance of singleton bean 'errorPageRegistrarBeanPostProcessor'
2024-05-20T15:37:14.769-03:00 DEBUG 739374 --- [person-service] [           main] o.s.b.f.s.DefaultListableBeanFactory     : Creating shared instance of singleton bean 'projectingArgumentResolverBeanPostProcessor'
2024-05-20T15:37:14.771-03:00 DEBUG 739374 --- [person-service] [           main] o.s.b.f.s.DefaultListableBeanFactory     : Creating shared instance of singleton bean 'org.springframework.transaction.config.internalTransactionAdvisor'
2024-05-20T15:37:14.772-03:00 DEBUG 739374 --- [person-service] [           main] o.s.b.f.s.DefaultListableBeanFactory     : Creating shared instance of singleton bean 'org.springframework.transaction.annotation.ProxyTransactionManagementConfiguration'
2024-05-20T15:37:14.790-03:00 DEBUG 739374 --- [person-service] [           main] o.s.b.f.s.DefaultListableBeanFactory     : Creating shared instance of singleton bean 'transactionAttributeSource'
2024-05-20T15:37:14.792-03:00 DEBUG 739374 --- [person-service] [           main] o.s.b.f.s.DefaultListableBeanFactory     : Creating shared instance of singleton bean 'transactionInterceptor'
2024-05-20T15:37:14.794-03:00 DEBUG 739374 --- [person-service] [           main] o.s.b.f.s.DefaultListableBeanFactory     : Autowiring by type from bean name 'transactionInterceptor' via factory method to bean named 'transactionAttributeSource'
2024-05-20T15:37:14.800-03:00 DEBUG 739374 --- [person-service] [           main] o.s.b.f.s.DefaultListableBeanFactory     : Autowiring by type from bean name 'org.springframework.transaction.config.internalTransactionAdvisor' via factory method to bean named 'transactionAttributeSource'
2024-05-20T15:37:14.801-03:00 DEBUG 739374 --- [person-service] [           main] o.s.b.f.s.DefaultListableBeanFactory     : Autowiring by type from bean name 'org.springframework.transaction.config.internalTransactionAdvisor' via factory method to bean named 'transactionInterceptor'
2024-05-20T15:37:14.828-03:00 DEBUG 739374 --- [person-service] [           main] o.s.u.c.s.UiApplicationContextUtils      : Unable to locate ThemeSource with name 'themeSource': using default [org.springframework.ui.context.support.ResourceBundleThemeSource@49cb1baf]
2024-05-20T15:37:14.829-03:00 DEBUG 739374 --- [person-service] [           main] o.s.b.f.s.DefaultListableBeanFactory     : Creating shared instance of singleton bean 'entityManagerFactory'
2024-05-20T15:37:14.830-03:00 DEBUG 739374 --- [person-service] [           main] o.s.b.f.s.DefaultListableBeanFactory     : Creating shared instance of singleton bean 'org.springframework.boot.autoconfigure.orm.jpa.HibernateJpaConfiguration'
2024-05-20T15:37:14.832-03:00 DEBUG 739374 --- [person-service] [           main] o.s.b.f.s.DefaultListableBeanFactory     : Creating shared instance of singleton bean 'dataSource'
2024-05-20T15:37:14.832-03:00 DEBUG 739374 --- [person-service] [           main] o.s.b.f.s.DefaultListableBeanFactory     : Creating shared instance of singleton bean 'org.springframework.boot.autoconfigure.jdbc.DataSourceConfiguration$Hikari'
2024-05-20T15:37:14.834-03:00 DEBUG 739374 --- [person-service] [           main] o.s.b.f.s.DefaultListableBeanFactory     : Creating shared instance of singleton bean 'spring.datasource-org.springframework.boot.autoconfigure.jdbc.DataSourceProperties'
2024-05-20T15:37:14.835-03:00 DEBUG 739374 --- [person-service] [           main] o.s.b.f.s.DefaultListableBeanFactory     : Creating shared instance of singleton bean 'org.springframework.boot.context.properties.BoundConfigurationProperties'
2024-05-20T15:37:14.856-03:00 DEBUG 739374 --- [person-service] [           main] o.s.b.f.s.DefaultListableBeanFactory     : Creating shared instance of singleton bean 'jdbcConnectionDetails'
2024-05-20T15:37:14.856-03:00 DEBUG 739374 --- [person-service] [           main] o.s.b.f.s.DefaultListableBeanFactory     : Creating shared instance of singleton bean 'org.springframework.boot.autoconfigure.jdbc.DataSourceAutoConfiguration$PooledDataSourceConfiguration'
2024-05-20T15:37:14.857-03:00 DEBUG 739374 --- [person-service] [           main] o.s.b.f.s.DefaultListableBeanFactory     : Autowiring by type from bean name 'jdbcConnectionDetails' via factory method to bean named 'spring.datasource-org.springframework.boot.autoconfigure.jdbc.DataSourceProperties'
2024-05-20T15:37:14.858-03:00 DEBUG 739374 --- [person-service] [           main] o.s.b.f.s.DefaultListableBeanFactory     : Autowiring by type from bean name 'dataSource' via factory method to bean named 'spring.datasource-org.springframework.boot.autoconfigure.jdbc.DataSourceProperties'
2024-05-20T15:37:14.858-03:00 DEBUG 739374 --- [person-service] [           main] o.s.b.f.s.DefaultListableBeanFactory     : Autowiring by type from bean name 'dataSource' via factory method to bean named 'jdbcConnectionDetails'
2024-05-20T15:37:14.861-03:00 DEBUG 739374 --- [person-service] [           main] com.zaxxer.hikari.HikariConfig           : Driver class com.mysql.cj.jdbc.Driver found in Thread context class loader jdk.internal.loader.ClassLoaders$AppClassLoader@2cdf8d8a
2024-05-20T15:37:14.885-03:00 DEBUG 739374 --- [person-service] [           main] o.s.b.f.s.DefaultListableBeanFactory     : Creating shared instance of singleton bean 'spring.jpa-org.springframework.boot.autoconfigure.orm.jpa.JpaProperties'
2024-05-20T15:37:14.890-03:00 DEBUG 739374 --- [person-service] [           main] o.s.b.f.s.DefaultListableBeanFactory     : Creating shared instance of singleton bean 'spring.jpa.hibernate-org.springframework.boot.autoconfigure.orm.jpa.HibernateProperties'
2024-05-20T15:37:14.893-03:00 DEBUG 739374 --- [person-service] [           main] o.s.b.f.s.DefaultListableBeanFactory     : Autowiring by type from bean name 'org.springframework.boot.autoconfigure.orm.jpa.HibernateJpaConfiguration' via constructor to bean named 'dataSource'
2024-05-20T15:37:14.893-03:00 DEBUG 739374 --- [person-service] [           main] o.s.b.f.s.DefaultListableBeanFactory     : Autowiring by type from bean name 'org.springframework.boot.autoconfigure.orm.jpa.HibernateJpaConfiguration' via constructor to bean named 'spring.jpa-org.springframework.boot.autoconfigure.orm.jpa.JpaProperties'
2024-05-20T15:37:14.893-03:00 DEBUG 739374 --- [person-service] [           main] o.s.b.f.s.DefaultListableBeanFactory     : Autowiring by type from bean name 'org.springframework.boot.autoconfigure.orm.jpa.HibernateJpaConfiguration' via constructor to bean named 'org.springframework.beans.factory.support.DefaultListableBeanFactory@62a8fd44'
2024-05-20T15:37:14.893-03:00 DEBUG 739374 --- [person-service] [           main] o.s.b.f.s.DefaultListableBeanFactory     : Autowiring by type from bean name 'org.springframework.boot.autoconfigure.orm.jpa.HibernateJpaConfiguration' via constructor to bean named 'spring.jpa.hibernate-org.springframework.boot.autoconfigure.orm.jpa.HibernateProperties'
2024-05-20T15:37:14.895-03:00 DEBUG 739374 --- [person-service] [           main] o.s.b.f.s.DefaultListableBeanFactory     : Creating shared instance of singleton bean 'hikariPoolDataSourceMetadataProvider'
2024-05-20T15:37:14.895-03:00 DEBUG 739374 --- [person-service] [           main] o.s.b.f.s.DefaultListableBeanFactory     : Creating shared instance of singleton bean 'org.springframework.boot.autoconfigure.jdbc.metadata.DataSourcePoolMetadataProvidersConfiguration$HikariPoolDataSourceMetadataProviderConfiguration'
2024-05-20T15:37:14.901-03:00 DEBUG 739374 --- [person-service] [           main] o.s.b.f.s.DefaultListableBeanFactory     : Creating shared instance of singleton bean 'entityManagerFactoryBuilder'
2024-05-20T15:37:14.902-03:00 DEBUG 739374 --- [person-service] [           main] o.s.b.f.s.DefaultListableBeanFactory     : Creating shared instance of singleton bean 'jpaVendorAdapter'
2024-05-20T15:37:14.912-03:00 DEBUG 739374 --- [person-service] [           main] org.jboss.logging                        : Logging Provider: org.jboss.logging.Slf4jLoggerProvider found via system property
2024-05-20T15:37:14.915-03:00 DEBUG 739374 --- [person-service] [           main] o.s.b.f.s.DefaultListableBeanFactory     : Autowiring by type from bean name 'entityManagerFactoryBuilder' via factory method to bean named 'jpaVendorAdapter'
2024-05-20T15:37:14.918-03:00 DEBUG 739374 --- [person-service] [           main] o.s.b.f.s.DefaultListableBeanFactory     : Creating shared instance of singleton bean 'persistenceManagedTypes'
2024-05-20T15:37:14.919-03:00 DEBUG 739374 --- [person-service] [           main] o.s.b.f.s.DefaultListableBeanFactory     : Autowiring by type from bean name 'persistenceManagedTypes' via factory method to bean named 'org.springframework.beans.factory.support.DefaultListableBeanFactory@62a8fd44'
2024-05-20T15:37:14.919-03:00 DEBUG 739374 --- [person-service] [           main] o.s.b.f.s.DefaultListableBeanFactory     : Autowiring by type from bean name 'persistenceManagedTypes' via factory method to bean named 'org.springframework.web.context.support.GenericWebApplicationContext@2c22a348'
2024-05-20T15:37:14.927-03:00 DEBUG 739374 --- [person-service] [           main] o.s.b.f.s.DefaultListableBeanFactory     : Autowiring by type from bean name 'entityManagerFactory' via factory method to bean named 'entityManagerFactoryBuilder'
2024-05-20T15:37:14.927-03:00 DEBUG 739374 --- [person-service] [           main] o.s.b.f.s.DefaultListableBeanFactory     : Autowiring by type from bean name 'entityManagerFactory' via factory method to bean named 'persistenceManagedTypes'
2024-05-20T15:37:14.941-03:00 DEBUG 739374 --- [person-service] [           main] j.LocalContainerEntityManagerFactoryBean : Building JPA container EntityManagerFactory for persistence unit 'default'
2024-05-20T15:37:14.958-03:00 DEBUG 739374 --- [person-service] [           main] o.hibernate.jpa.internal.util.LogHelper  : PersistenceUnitInfo [
	name: default
	persistence provider classname: null
	classloader: jdk.internal.loader.ClassLoaders$AppClassLoader@2cdf8d8a
	excludeUnlistedClasses: true
	JTA datasource: null
	Non JTA datasource: HikariDataSource (null)
	Transaction type: RESOURCE_LOCAL
	PU root URL: file:/home/thallyssonk/%c3%81rea%20de%20trabalho/CurrentProjects/TesteTecnicoWeFin/loan-service/target/test-classes/
	Shared Cache Mode: UNSPECIFIED
	Validation Mode: AUTO
	Jar files URLs []
	Managed classes names [
		com.srmasset.ports.outbound.database.loan.dao.LoanDAO
		com.srmasset.ports.outbound.database.loan.dao.PersonDAO]
	Mapping files names []
	Properties []
2024-05-20T15:37:14.969-03:00 DEBUG 739374 --- [person-service] [           main] o.h.i.internal.IntegratorServiceImpl     : Adding Integrator [org.hibernate.boot.beanvalidation.BeanValidationIntegrator].
2024-05-20T15:37:14.971-03:00 DEBUG 739374 --- [person-service] [           main] o.h.i.internal.IntegratorServiceImpl     : Adding Integrator [org.hibernate.cache.internal.CollectionCacheInvalidator].
2024-05-20T15:37:15.014-03:00  INFO 739374 --- [person-service] [           main] org.hibernate.Version                    : HHH000412: Hibernate ORM core version 6.4.4.Final
2024-05-20T15:37:15.016-03:00 DEBUG 739374 --- [person-service] [           main] org.hibernate.cfg.Environment            : HHH000206: 'hibernate.properties' not found
2024-05-20T15:37:15.044-03:00 DEBUG 739374 --- [person-service] [           main] org.hibernate.orm.idgen.factory          : Registering IdentifierGenerator strategy [uuid2] -> [org.hibernate.id.UUIDGenerator]
2024-05-20T15:37:15.045-03:00 DEBUG 739374 --- [person-service] [           main] org.hibernate.orm.idgen.factory          : Registering IdentifierGenerator strategy [guid] -> [org.hibernate.id.GUIDGenerator]
2024-05-20T15:37:15.045-03:00 DEBUG 739374 --- [person-service] [           main] org.hibernate.orm.idgen.factory          : Registering IdentifierGenerator strategy [uuid] -> [org.hibernate.id.UUIDHexGenerator]
2024-05-20T15:37:15.046-03:00 DEBUG 739374 --- [person-service] [           main] org.hibernate.orm.idgen.factory          : Registering IdentifierGenerator strategy [uuid.hex] -> [org.hibernate.id.UUIDHexGenerator]
2024-05-20T15:37:15.046-03:00 DEBUG 739374 --- [person-service] [           main] org.hibernate.orm.idgen.factory          : Registering IdentifierGenerator strategy [assigned] -> [org.hibernate.id.Assigned]
2024-05-20T15:37:15.047-03:00 DEBUG 739374 --- [person-service] [           main] org.hibernate.orm.idgen.factory          : Registering IdentifierGenerator strategy [identity] -> [org.hibernate.id.IdentityGenerator]
2024-05-20T15:37:15.047-03:00 DEBUG 739374 --- [person-service] [           main] org.hibernate.orm.idgen.factory          : Registering IdentifierGenerator strategy [select] -> [org.hibernate.id.SelectGenerator]
2024-05-20T15:37:15.048-03:00 DEBUG 739374 --- [person-service] [           main] org.hibernate.orm.idgen.factory          : Registering IdentifierGenerator strategy [sequence] -> [org.hibernate.id.enhanced.SequenceStyleGenerator]
2024-05-20T15:37:15.048-03:00 DEBUG 739374 --- [person-service] [           main] org.hibernate.orm.idgen.factory          : Registering IdentifierGenerator strategy [increment] -> [org.hibernate.id.IncrementGenerator]
2024-05-20T15:37:15.049-03:00 DEBUG 739374 --- [person-service] [           main] org.hibernate.orm.idgen.factory          : Registering IdentifierGenerator strategy [foreign] -> [org.hibernate.id.ForeignGenerator]
2024-05-20T15:37:15.049-03:00 DEBUG 739374 --- [person-service] [           main] org.hibernate.orm.idgen.factory          : Registering IdentifierGenerator strategy [enhanced-sequence] -> [org.hibernate.id.enhanced.SequenceStyleGenerator]
2024-05-20T15:37:15.050-03:00 DEBUG 739374 --- [person-service] [           main] org.hibernate.orm.idgen.factory          : Registering IdentifierGenerator strategy [enhanced-table] -> [org.hibernate.id.enhanced.TableGenerator]
2024-05-20T15:37:15.055-03:00 DEBUG 739374 --- [person-service] [           main] o.h.c.internal.RegionFactoryInitiator    : Cannot default RegionFactory based on registered strategies as `[]` RegionFactory strategies were registered
2024-05-20T15:37:15.056-03:00  INFO 739374 --- [person-service] [           main] o.h.c.internal.RegionFactoryInitiator    : HHH000026: Second-level cache disabled
2024-05-20T15:37:15.124-03:00 DEBUG 739374 --- [person-service] [           main] org.hibernate.type.BasicTypeRegistry     : Adding type registration boolean -> org.hibernate.type.BasicTypeReference@364b1061
2024-05-20T15:37:15.125-03:00 DEBUG 739374 --- [person-service] [           main] org.hibernate.type.BasicTypeRegistry     : Adding type registration boolean -> org.hibernate.type.BasicTypeReference@364b1061
2024-05-20T15:37:15.125-03:00 DEBUG 739374 --- [person-service] [           main] org.hibernate.type.BasicTypeRegistry     : Adding type registration java.lang.Boolean -> org.hibernate.type.BasicTypeReference@364b1061
2024-05-20T15:37:15.125-03:00 DEBUG 739374 --- [person-service] [           main] org.hibernate.type.BasicTypeRegistry     : Adding type registration numeric_boolean -> org.hibernate.type.BasicTypeReference@50fdf44f
2024-05-20T15:37:15.125-03:00 DEBUG 739374 --- [person-service] [           main] org.hibernate.type.BasicTypeRegistry     : Adding type registration org.hibernate.type.NumericBooleanConverter -> org.hibernate.type.BasicTypeReference@50fdf44f
2024-05-20T15:37:15.125-03:00 DEBUG 739374 --- [person-service] [           main] org.hibernate.type.BasicTypeRegistry     : Adding type registration true_false -> org.hibernate.type.BasicTypeReference@172f4514
2024-05-20T15:37:15.125-03:00 DEBUG 739374 --- [person-service] [           main] org.hibernate.type.BasicTypeRegistry     : Adding type registration org.hibernate.type.TrueFalseConverter -> org.hibernate.type.BasicTypeReference@172f4514
2024-05-20T15:37:15.125-03:00 DEBUG 739374 --- [person-service] [           main] org.hibernate.type.BasicTypeRegistry     : Adding type registration yes_no -> org.hibernate.type.BasicTypeReference@7df6d663
2024-05-20T15:37:15.125-03:00 DEBUG 739374 --- [person-service] [           main] org.hibernate.type.BasicTypeRegistry     : Adding type registration org.hibernate.type.YesNoConverter -> org.hibernate.type.BasicTypeReference@7df6d663
2024-05-20T15:37:15.126-03:00 DEBUG 739374 --- [person-service] [           main] org.hibernate.type.BasicTypeRegistry     : Adding type registration byte -> org.hibernate.type.BasicTypeReference@13d019a4
2024-05-20T15:37:15.126-03:00 DEBUG 739374 --- [person-service] [           main] org.hibernate.type.BasicTypeRegistry     : Adding type registration byte -> org.hibernate.type.BasicTypeReference@13d019a4
2024-05-20T15:37:15.126-03:00 DEBUG 739374 --- [person-service] [           main] org.hibernate.type.BasicTypeRegistry     : Adding type registration java.lang.Byte -> org.hibernate.type.BasicTypeReference@13d019a4
2024-05-20T15:37:15.126-03:00 DEBUG 739374 --- [person-service] [           main] org.hibernate.type.BasicTypeRegistry     : Adding type registration binary -> org.hibernate.type.BasicTypeReference@2c30c81d
2024-05-20T15:37:15.126-03:00 DEBUG 739374 --- [person-service] [           main] org.hibernate.type.BasicTypeRegistry     : Adding type registration byte[] -> org.hibernate.type.BasicTypeReference@2c30c81d
2024-05-20T15:37:15.126-03:00 DEBUG 739374 --- [person-service] [           main] org.hibernate.type.BasicTypeRegistry     : Adding type registration [B -> org.hibernate.type.BasicTypeReference@2c30c81d
2024-05-20T15:37:15.126-03:00 DEBUG 739374 --- [person-service] [           main] org.hibernate.type.BasicTypeRegistry     : Adding type registration binary_wrapper -> org.hibernate.type.BasicTypeReference@415a3f6a
2024-05-20T15:37:15.126-03:00 DEBUG 739374 --- [person-service] [           main] org.hibernate.type.BasicTypeRegistry     : Adding type registration wrapper-binary -> org.hibernate.type.BasicTypeReference@415a3f6a
2024-05-20T15:37:15.126-03:00 DEBUG 739374 --- [person-service] [           main] org.hibernate.type.BasicTypeRegistry     : Adding type registration image -> org.hibernate.type.BasicTypeReference@a54acec
2024-05-20T15:37:15.127-03:00 DEBUG 739374 --- [person-service] [           main] org.hibernate.type.BasicTypeRegistry     : Adding type registration blob -> org.hibernate.type.BasicTypeReference@19da993b
2024-05-20T15:37:15.127-03:00 DEBUG 739374 --- [person-service] [           main] org.hibernate.type.BasicTypeRegistry     : Adding type registration java.sql.Blob -> org.hibernate.type.BasicTypeReference@19da993b
2024-05-20T15:37:15.127-03:00 DEBUG 739374 --- [person-service] [           main] org.hibernate.type.BasicTypeRegistry     : Adding type registration materialized_blob -> org.hibernate.type.BasicTypeReference@3380ca3d
2024-05-20T15:37:15.127-03:00 DEBUG 739374 --- [person-service] [           main] org.hibernate.type.BasicTypeRegistry     : Adding type registration materialized_blob_wrapper -> org.hibernate.type.BasicTypeReference@23310248
2024-05-20T15:37:15.127-03:00 DEBUG 739374 --- [person-service] [           main] org.hibernate.type.BasicTypeRegistry     : Adding type registration short -> org.hibernate.type.BasicTypeReference@c2df90e
2024-05-20T15:37:15.127-03:00 DEBUG 739374 --- [person-service] [           main] org.hibernate.type.BasicTypeRegistry     : Adding type registration short -> org.hibernate.type.BasicTypeReference@c2df90e
2024-05-20T15:37:15.127-03:00 DEBUG 739374 --- [person-service] [           main] org.hibernate.type.BasicTypeRegistry     : Adding type registration java.lang.Short -> org.hibernate.type.BasicTypeReference@c2df90e
2024-05-20T15:37:15.127-03:00 DEBUG 739374 --- [person-service] [           main] org.hibernate.type.BasicTypeRegistry     : Adding type registration integer -> org.hibernate.type.BasicTypeReference@41f3aaf1
2024-05-20T15:37:15.128-03:00 DEBUG 739374 --- [person-service] [           main] org.hibernate.type.BasicTypeRegistry     : Adding type registration int -> org.hibernate.type.BasicTypeReference@41f3aaf1
2024-05-20T15:37:15.128-03:00 DEBUG 739374 --- [person-service] [           main] org.hibernate.type.BasicTypeRegistry     : Adding type registration java.lang.Integer -> org.hibernate.type.BasicTypeReference@41f3aaf1
2024-05-20T15:37:15.128-03:00 DEBUG 739374 --- [person-service] [           main] org.hibernate.type.BasicTypeRegistry     : Adding type registration long -> org.hibernate.type.BasicTypeReference@741741d0
2024-05-20T15:37:15.128-03:00 DEBUG 739374 --- [person-service] [           main] org.hibernate.type.BasicTypeRegistry     : Adding type registration long -> org.hibernate.type.BasicTypeReference@741741d0
2024-05-20T15:37:15.128-03:00 DEBUG 739374 --- [person-service] [           main] org.hibernate.type.BasicTypeRegistry     : Adding type registration java.lang.Long -> org.hibernate.type.BasicTypeReference@741741d0
2024-05-20T15:37:15.128-03:00 DEBUG 739374 --- [person-service] [           main] org.hibernate.type.BasicTypeRegistry     : Adding type registration float -> org.hibernate.type.BasicTypeReference@5f9f3e58
2024-05-20T15:37:15.128-03:00 DEBUG 739374 --- [person-service] [           main] org.hibernate.type.BasicTypeRegistry     : Adding type registration float -> org.hibernate.type.BasicTypeReference@5f9f3e58
2024-05-20T15:37:15.128-03:00 DEBUG 739374 --- [person-service] [           main] org.hibernate.type.BasicTypeRegistry     : Adding type registration java.lang.Float -> org.hibernate.type.BasicTypeReference@5f9f3e58
2024-05-20T15:37:15.129-03:00 DEBUG 739374 --- [person-service] [           main] org.hibernate.type.BasicTypeRegistry     : Adding type registration double -> org.hibernate.type.BasicTypeReference@3c19592c
2024-05-20T15:37:15.129-03:00 DEBUG 739374 --- [person-service] [           main] org.hibernate.type.BasicTypeRegistry     : Adding type registration double -> org.hibernate.type.BasicTypeReference@3c19592c
2024-05-20T15:37:15.129-03:00 DEBUG 739374 --- [person-service] [           main] org.hibernate.type.BasicTypeRegistry     : Adding type registration java.lang.Double -> org.hibernate.type.BasicTypeReference@3c19592c
2024-05-20T15:37:15.129-03:00 DEBUG 739374 --- [person-service] [           main] org.hibernate.type.BasicTypeRegistry     : Adding type registration big_integer -> org.hibernate.type.BasicTypeReference@60e1d87c
2024-05-20T15:37:15.129-03:00 DEBUG 739374 --- [person-service] [           main] org.hibernate.type.BasicTypeRegistry     : Adding type registration java.math.BigInteger -> org.hibernate.type.BasicTypeReference@60e1d87c
2024-05-20T15:37:15.129-03:00 DEBUG 739374 --- [person-service] [           main] org.hibernate.type.BasicTypeRegistry     : Adding type registration big_decimal -> org.hibernate.type.BasicTypeReference@2eb60c71
2024-05-20T15:37:15.129-03:00 DEBUG 739374 --- [person-service] [           main] org.hibernate.type.BasicTypeRegistry     : Adding type registration java.math.BigDecimal -> org.hibernate.type.BasicTypeReference@2eb60c71
2024-05-20T15:37:15.129-03:00 DEBUG 739374 --- [person-service] [           main] org.hibernate.type.BasicTypeRegistry     : Adding type registration character -> org.hibernate.type.BasicTypeReference@87d9a01
2024-05-20T15:37:15.129-03:00 DEBUG 739374 --- [person-service] [           main] org.hibernate.type.BasicTypeRegistry     : Adding type registration char -> org.hibernate.type.BasicTypeReference@87d9a01
2024-05-20T15:37:15.129-03:00 DEBUG 739374 --- [person-service] [           main] org.hibernate.type.BasicTypeRegistry     : Adding type registration java.lang.Character -> org.hibernate.type.BasicTypeReference@87d9a01
2024-05-20T15:37:15.130-03:00 DEBUG 739374 --- [person-service] [           main] org.hibernate.type.BasicTypeRegistry     : Adding type registration character_nchar -> org.hibernate.type.BasicTypeReference@7e5b621b
2024-05-20T15:37:15.130-03:00 DEBUG 739374 --- [person-service] [           main] org.hibernate.type.BasicTypeRegistry     : Adding type registration string -> org.hibernate.type.BasicTypeReference@10177794
2024-05-20T15:37:15.130-03:00 DEBUG 739374 --- [person-service] [           main] org.hibernate.type.BasicTypeRegistry     : Adding type registration java.lang.String -> org.hibernate.type.BasicTypeReference@10177794
2024-05-20T15:37:15.130-03:00 DEBUG 739374 --- [person-service] [           main] org.hibernate.type.BasicTypeRegistry     : Adding type registration nstring -> org.hibernate.type.BasicTypeReference@e5c2463
2024-05-20T15:37:15.130-03:00 DEBUG 739374 --- [person-service] [           main] org.hibernate.type.BasicTypeRegistry     : Adding type registration characters -> org.hibernate.type.BasicTypeReference@6a950a3b
2024-05-20T15:37:15.130-03:00 DEBUG 739374 --- [person-service] [           main] org.hibernate.type.BasicTypeRegistry     : Adding type registration char[] -> org.hibernate.type.BasicTypeReference@6a950a3b
2024-05-20T15:37:15.130-03:00 DEBUG 739374 --- [person-service] [           main] org.hibernate.type.BasicTypeRegistry     : Adding type registration [C -> org.hibernate.type.BasicTypeReference@6a950a3b
2024-05-20T15:37:15.130-03:00 DEBUG 739374 --- [person-service] [           main] org.hibernate.type.BasicTypeRegistry     : Adding type registration wrapper-characters -> org.hibernate.type.BasicTypeReference@4f7be6c8
2024-05-20T15:37:15.130-03:00 DEBUG 739374 --- [person-service] [           main] org.hibernate.type.BasicTypeRegistry     : Adding type registration text -> org.hibernate.type.BasicTypeReference@647b9364
2024-05-20T15:37:15.130-03:00 DEBUG 739374 --- [person-service] [           main] org.hibernate.type.BasicTypeRegistry     : Adding type registration ntext -> org.hibernate.type.BasicTypeReference@b6bccb4
2024-05-20T15:37:15.130-03:00 DEBUG 739374 --- [person-service] [           main] org.hibernate.type.BasicTypeRegistry     : Adding type registration clob -> org.hibernate.type.BasicTypeReference@49edcb30
2024-05-20T15:37:15.131-03:00 DEBUG 739374 --- [person-service] [           main] org.hibernate.type.BasicTypeRegistry     : Adding type registration java.sql.Clob -> org.hibernate.type.BasicTypeReference@49edcb30
2024-05-20T15:37:15.131-03:00 DEBUG 739374 --- [person-service] [           main] org.hibernate.type.BasicTypeRegistry     : Adding type registration nclob -> org.hibernate.type.BasicTypeReference@59303963
2024-05-20T15:37:15.131-03:00 DEBUG 739374 --- [person-service] [           main] org.hibernate.type.BasicTypeRegistry     : Adding type registration java.sql.NClob -> org.hibernate.type.BasicTypeReference@59303963
2024-05-20T15:37:15.131-03:00 DEBUG 739374 --- [person-service] [           main] org.hibernate.type.BasicTypeRegistry     : Adding type registration materialized_clob -> org.hibernate.type.BasicTypeReference@61e86192
2024-05-20T15:37:15.131-03:00 DEBUG 739374 --- [person-service] [           main] org.hibernate.type.BasicTypeRegistry     : Adding type registration materialized_clob_char_array -> org.hibernate.type.BasicTypeReference@34330f77
2024-05-20T15:37:15.131-03:00 DEBUG 739374 --- [person-service] [           main] org.hibernate.type.BasicTypeRegistry     : Adding type registration materialized_clob_character_array -> org.hibernate.type.BasicTypeReference@1320e68a
2024-05-20T15:37:15.131-03:00 DEBUG 739374 --- [person-service] [           main] org.hibernate.type.BasicTypeRegistry     : Adding type registration materialized_nclob -> org.hibernate.type.BasicTypeReference@4b033eac
2024-05-20T15:37:15.131-03:00 DEBUG 739374 --- [person-service] [           main] org.hibernate.type.BasicTypeRegistry     : Adding type registration materialized_nclob_character_array -> org.hibernate.type.BasicTypeReference@69c532af
2024-05-20T15:37:15.131-03:00 DEBUG 739374 --- [person-service] [           main] org.hibernate.type.BasicTypeRegistry     : Adding type registration materialized_nclob_char_array -> org.hibernate.type.BasicTypeReference@45a1d057
2024-05-20T15:37:15.132-03:00 DEBUG 739374 --- [person-service] [           main] org.hibernate.type.BasicTypeRegistry     : Adding type registration Duration -> org.hibernate.type.BasicTypeReference@51a16adf
2024-05-20T15:37:15.132-03:00 DEBUG 739374 --- [person-service] [           main] org.hibernate.type.BasicTypeRegistry     : Adding type registration java.time.Duration -> org.hibernate.type.BasicTypeReference@51a16adf
2024-05-20T15:37:15.132-03:00 DEBUG 739374 --- [person-service] [           main] org.hibernate.type.BasicTypeRegistry     : Adding type registration LocalDateTime -> org.hibernate.type.BasicTypeReference@385d819
2024-05-20T15:37:15.132-03:00 DEBUG 739374 --- [person-service] [           main] org.hibernate.type.BasicTypeRegistry     : Adding type registration java.time.LocalDateTime -> org.hibernate.type.BasicTypeReference@385d819
2024-05-20T15:37:15.132-03:00 DEBUG 739374 --- [person-service] [           main] org.hibernate.type.BasicTypeRegistry     : Adding type registration LocalDate -> org.hibernate.type.BasicTypeReference@4315c28c
2024-05-20T15:37:15.132-03:00 DEBUG 739374 --- [person-service] [           main] org.hibernate.type.BasicTypeRegistry     : Adding type registration java.time.LocalDate -> org.hibernate.type.BasicTypeReference@4315c28c
2024-05-20T15:37:15.132-03:00 DEBUG 739374 --- [person-service] [           main] org.hibernate.type.BasicTypeRegistry     : Adding type registration LocalTime -> org.hibernate.type.BasicTypeReference@8fd91d1
2024-05-20T15:37:15.132-03:00 DEBUG 739374 --- [person-service] [           main] org.hibernate.type.BasicTypeRegistry     : Adding type registration java.time.LocalTime -> org.hibernate.type.BasicTypeReference@8fd91d1
2024-05-20T15:37:15.132-03:00 DEBUG 739374 --- [person-service] [           main] org.hibernate.type.BasicTypeRegistry     : Adding type registration OffsetDateTime -> org.hibernate.type.BasicTypeReference@52d0f583
2024-05-20T15:37:15.132-03:00 DEBUG 739374 --- [person-service] [           main] org.hibernate.type.BasicTypeRegistry     : Adding type registration java.time.OffsetDateTime -> org.hibernate.type.BasicTypeReference@52d0f583
2024-05-20T15:37:15.133-03:00 DEBUG 739374 --- [person-service] [           main] org.hibernate.type.BasicTypeRegistry     : Adding type registration OffsetDateTimeWithTimezone -> org.hibernate.type.BasicTypeReference@7fb8bad0
2024-05-20T15:37:15.133-03:00 DEBUG 739374 --- [person-service] [           main] org.hibernate.type.BasicTypeRegistry     : Adding type registration OffsetDateTimeWithoutTimezone -> org.hibernate.type.BasicTypeReference@12d40609
2024-05-20T15:37:15.133-03:00 DEBUG 739374 --- [person-service] [           main] org.hibernate.type.BasicTypeRegistry     : Adding type registration OffsetTime -> org.hibernate.type.BasicTypeReference@76437e9b
2024-05-20T15:37:15.133-03:00 DEBUG 739374 --- [person-service] [           main] org.hibernate.type.BasicTypeRegistry     : Adding type registration java.time.OffsetTime -> org.hibernate.type.BasicTypeReference@76437e9b
2024-05-20T15:37:15.133-03:00 DEBUG 739374 --- [person-service] [           main] org.hibernate.type.BasicTypeRegistry     : Adding type registration OffsetTimeUtc -> org.hibernate.type.BasicTypeReference@236ae13d
2024-05-20T15:37:15.133-03:00 DEBUG 739374 --- [person-service] [           main] org.hibernate.type.BasicTypeRegistry     : Adding type registration OffsetTimeWithTimezone -> org.hibernate.type.BasicTypeReference@193eb1ba
2024-05-20T15:37:15.133-03:00 DEBUG 739374 --- [person-service] [           main] org.hibernate.type.BasicTypeRegistry     : Adding type registration OffsetTimeWithoutTimezone -> org.hibernate.type.BasicTypeReference@2be818da
2024-05-20T15:37:15.133-03:00 DEBUG 739374 --- [person-service] [           main] org.hibernate.type.BasicTypeRegistry     : Adding type registration ZonedDateTime -> org.hibernate.type.BasicTypeReference@46320c9a
2024-05-20T15:37:15.133-03:00 DEBUG 739374 --- [person-service] [           main] org.hibernate.type.BasicTypeRegistry     : Adding type registration java.time.ZonedDateTime -> org.hibernate.type.BasicTypeReference@46320c9a
2024-05-20T15:37:15.133-03:00 DEBUG 739374 --- [person-service] [           main] org.hibernate.type.BasicTypeRegistry     : Adding type registration ZonedDateTimeWithTimezone -> org.hibernate.type.BasicTypeReference@32256e68
2024-05-20T15:37:15.133-03:00 DEBUG 739374 --- [person-service] [           main] org.hibernate.type.BasicTypeRegistry     : Adding type registration ZonedDateTimeWithoutTimezone -> org.hibernate.type.BasicTypeReference@5e7abaf7
2024-05-20T15:37:15.134-03:00 DEBUG 739374 --- [person-service] [           main] org.hibernate.type.BasicTypeRegistry     : Adding type registration date -> org.hibernate.type.BasicTypeReference@353f472a
2024-05-20T15:37:15.134-03:00 DEBUG 739374 --- [person-service] [           main] org.hibernate.type.BasicTypeRegistry     : Adding type registration java.sql.Date -> org.hibernate.type.BasicTypeReference@353f472a
2024-05-20T15:37:15.134-03:00 DEBUG 739374 --- [person-service] [           main] org.hibernate.type.BasicTypeRegistry     : Adding type registration time -> org.hibernate.type.BasicTypeReference@63bfdbcb
2024-05-20T15:37:15.134-03:00 DEBUG 739374 --- [person-service] [           main] org.hibernate.type.BasicTypeRegistry     : Adding type registration java.sql.Time -> org.hibernate.type.BasicTypeReference@63bfdbcb
2024-05-20T15:37:15.134-03:00 DEBUG 739374 --- [person-service] [           main] org.hibernate.type.BasicTypeRegistry     : Adding type registration timestamp -> org.hibernate.type.BasicTypeReference@7af0affa
2024-05-20T15:37:15.134-03:00 DEBUG 739374 --- [person-service] [           main] org.hibernate.type.BasicTypeRegistry     : Adding type registration java.sql.Timestamp -> org.hibernate.type.BasicTypeReference@7af0affa
2024-05-20T15:37:15.134-03:00 DEBUG 739374 --- [person-service] [           main] org.hibernate.type.BasicTypeRegistry     : Adding type registration java.util.Date -> org.hibernate.type.BasicTypeReference@7af0affa
2024-05-20T15:37:15.134-03:00 DEBUG 739374 --- [person-service] [           main] org.hibernate.type.BasicTypeRegistry     : Adding type registration calendar -> org.hibernate.type.BasicTypeReference@71560f51
2024-05-20T15:37:15.134-03:00 DEBUG 739374 --- [person-service] [           main] org.hibernate.type.BasicTypeRegistry     : Adding type registration java.util.Calendar -> org.hibernate.type.BasicTypeReference@71560f51
2024-05-20T15:37:15.134-03:00 DEBUG 739374 --- [person-service] [           main] org.hibernate.type.BasicTypeRegistry     : Adding type registration java.util.GregorianCalendar -> org.hibernate.type.BasicTypeReference@71560f51
2024-05-20T15:37:15.134-03:00 DEBUG 739374 --- [person-service] [           main] org.hibernate.type.BasicTypeRegistry     : Adding type registration calendar_date -> org.hibernate.type.BasicTypeReference@3e1f1046
2024-05-20T15:37:15.134-03:00 DEBUG 739374 --- [person-service] [           main] org.hibernate.type.BasicTypeRegistry     : Adding type registration calendar_time -> org.hibernate.type.BasicTypeReference@23e3f5cd
2024-05-20T15:37:15.135-03:00 DEBUG 739374 --- [person-service] [           main] org.hibernate.type.BasicTypeRegistry     : Adding type registration instant -> org.hibernate.type.BasicTypeReference@5c931134
2024-05-20T15:37:15.135-03:00 DEBUG 739374 --- [person-service] [           main] org.hibernate.type.BasicTypeRegistry     : Adding type registration java.time.Instant -> org.hibernate.type.BasicTypeReference@5c931134
2024-05-20T15:37:15.135-03:00 DEBUG 739374 --- [person-service] [           main] org.hibernate.type.BasicTypeRegistry     : Adding type registration uuid -> org.hibernate.type.BasicTypeReference@1d7eb170
2024-05-20T15:37:15.135-03:00 DEBUG 739374 --- [person-service] [           main] org.hibernate.type.BasicTypeRegistry     : Adding type registration java.util.UUID -> org.hibernate.type.BasicTypeReference@1d7eb170
2024-05-20T15:37:15.135-03:00 DEBUG 739374 --- [person-service] [           main] org.hibernate.type.BasicTypeRegistry     : Adding type registration pg-uuid -> org.hibernate.type.BasicTypeReference@1d7eb170
2024-05-20T15:37:15.135-03:00 DEBUG 739374 --- [person-service] [           main] org.hibernate.type.BasicTypeRegistry     : Adding type registration uuid-binary -> org.hibernate.type.BasicTypeReference@5b251fb9
2024-05-20T15:37:15.135-03:00 DEBUG 739374 --- [person-service] [           main] org.hibernate.type.BasicTypeRegistry     : Adding type registration uuid-char -> org.hibernate.type.BasicTypeReference@67d4c48d
2024-05-20T15:37:15.135-03:00 DEBUG 739374 --- [person-service] [           main] org.hibernate.type.BasicTypeRegistry     : Adding type registration class -> org.hibernate.type.BasicTypeReference@230a73f2
2024-05-20T15:37:15.135-03:00 DEBUG 739374 --- [person-service] [           main] org.hibernate.type.BasicTypeRegistry     : Adding type registration java.lang.Class -> org.hibernate.type.BasicTypeReference@230a73f2
2024-05-20T15:37:15.135-03:00 DEBUG 739374 --- [person-service] [           main] org.hibernate.type.BasicTypeRegistry     : Adding type registration currency -> org.hibernate.type.BasicTypeReference@4b97b3d2
2024-05-20T15:37:15.135-03:00 DEBUG 739374 --- [person-service] [           main] org.hibernate.type.BasicTypeRegistry     : Adding type registration Currency -> org.hibernate.type.BasicTypeReference@4b97b3d2
2024-05-20T15:37:15.135-03:00 DEBUG 739374 --- [person-service] [           main] org.hibernate.type.BasicTypeRegistry     : Adding type registration java.util.Currency -> org.hibernate.type.BasicTypeReference@4b97b3d2
2024-05-20T15:37:15.136-03:00 DEBUG 739374 --- [person-service] [           main] org.hibernate.type.BasicTypeRegistry     : Adding type registration locale -> org.hibernate.type.BasicTypeReference@383cb5ce
2024-05-20T15:37:15.136-03:00 DEBUG 739374 --- [person-service] [           main] org.hibernate.type.BasicTypeRegistry     : Adding type registration java.util.Locale -> org.hibernate.type.BasicTypeReference@383cb5ce
2024-05-20T15:37:15.136-03:00 DEBUG 739374 --- [person-service] [           main] org.hibernate.type.BasicTypeRegistry     : Adding type registration serializable -> org.hibernate.type.BasicTypeReference@798deee8
2024-05-20T15:37:15.136-03:00 DEBUG 739374 --- [person-service] [           main] org.hibernate.type.BasicTypeRegistry     : Adding type registration java.io.Serializable -> org.hibernate.type.BasicTypeReference@798deee8
2024-05-20T15:37:15.136-03:00 DEBUG 739374 --- [person-service] [           main] org.hibernate.type.BasicTypeRegistry     : Adding type registration timezone -> org.hibernate.type.BasicTypeReference@96897c8
2024-05-20T15:37:15.136-03:00 DEBUG 739374 --- [person-service] [           main] org.hibernate.type.BasicTypeRegistry     : Adding type registration java.util.TimeZone -> org.hibernate.type.BasicTypeReference@96897c8
2024-05-20T15:37:15.136-03:00 DEBUG 739374 --- [person-service] [           main] org.hibernate.type.BasicTypeRegistry     : Adding type registration ZoneOffset -> org.hibernate.type.BasicTypeReference@7f97bc14
2024-05-20T15:37:15.136-03:00 DEBUG 739374 --- [person-service] [           main] org.hibernate.type.BasicTypeRegistry     : Adding type registration java.time.ZoneOffset -> org.hibernate.type.BasicTypeReference@7f97bc14
2024-05-20T15:37:15.136-03:00 DEBUG 739374 --- [person-service] [           main] org.hibernate.type.BasicTypeRegistry     : Adding type registration url -> org.hibernate.type.BasicTypeReference@22d8f4ed
2024-05-20T15:37:15.136-03:00 DEBUG 739374 --- [person-service] [           main] org.hibernate.type.BasicTypeRegistry     : Adding type registration java.net.URL -> org.hibernate.type.BasicTypeReference@22d8f4ed
2024-05-20T15:37:15.136-03:00 DEBUG 739374 --- [person-service] [           main] org.hibernate.type.BasicTypeRegistry     : Adding type registration vector -> org.hibernate.type.BasicTypeReference@3434a4f0
2024-05-20T15:37:15.136-03:00 DEBUG 739374 --- [person-service] [           main] org.hibernate.type.BasicTypeRegistry     : Adding type registration row_version -> org.hibernate.type.BasicTypeReference@79afa369
2024-05-20T15:37:15.141-03:00 DEBUG 739374 --- [person-service] [           main] org.hibernate.type.BasicTypeRegistry     : Adding type registration object -> org.hibernate.type.JavaObjectType@15c6027d
2024-05-20T15:37:15.142-03:00 DEBUG 739374 --- [person-service] [           main] org.hibernate.type.BasicTypeRegistry     : Adding type registration java.lang.Object -> org.hibernate.type.JavaObjectType@15c6027d
2024-05-20T15:37:15.143-03:00 DEBUG 739374 --- [person-service] [           main] org.hibernate.type.BasicTypeRegistry     : Adding type registration null -> org.hibernate.type.NullType@28e8888d
2024-05-20T15:37:15.143-03:00 DEBUG 739374 --- [person-service] [           main] org.hibernate.type.BasicTypeRegistry     : Adding type registration imm_date -> org.hibernate.type.BasicTypeReference@1e98b788
2024-05-20T15:37:15.143-03:00 DEBUG 739374 --- [person-service] [           main] org.hibernate.type.BasicTypeRegistry     : Adding type registration imm_time -> org.hibernate.type.BasicTypeReference@794eeaf8
2024-05-20T15:37:15.143-03:00 DEBUG 739374 --- [person-service] [           main] org.hibernate.type.BasicTypeRegistry     : Adding type registration imm_timestamp -> org.hibernate.type.BasicTypeReference@37c5284a
2024-05-20T15:37:15.144-03:00 DEBUG 739374 --- [person-service] [           main] org.hibernate.type.BasicTypeRegistry     : Adding type registration imm_calendar -> org.hibernate.type.BasicTypeReference@5b8572df
2024-05-20T15:37:15.144-03:00 DEBUG 739374 --- [person-service] [           main] org.hibernate.type.BasicTypeRegistry     : Adding type registration imm_calendar_date -> org.hibernate.type.BasicTypeReference@7aaad0
2024-05-20T15:37:15.144-03:00 DEBUG 739374 --- [person-service] [           main] org.hibernate.type.BasicTypeRegistry     : Adding type registration imm_calendar_time -> org.hibernate.type.BasicTypeReference@eed890d
2024-05-20T15:37:15.144-03:00 DEBUG 739374 --- [person-service] [           main] org.hibernate.type.BasicTypeRegistry     : Adding type registration imm_binary -> org.hibernate.type.BasicTypeReference@10f477e2
2024-05-20T15:37:15.144-03:00 DEBUG 739374 --- [person-service] [           main] org.hibernate.type.BasicTypeRegistry     : Adding type registration imm_serializable -> org.hibernate.type.BasicTypeReference@6097fca9
2024-05-20T15:37:15.149-03:00 DEBUG 739374 --- [person-service] [           main] o.h.boot.internal.BootstrapContextImpl   : Injecting JPA temp ClassLoader [org.springframework.instrument.classloading.SimpleThrowawayClassLoader@62ade015] into BootstrapContext; was [null]
2024-05-20T15:37:15.150-03:00 DEBUG 739374 --- [person-service] [           main] o.h.boot.internal.ClassLoaderAccessImpl  : ClassLoaderAccessImpl#injectTempClassLoader(org.springframework.instrument.classloading.SimpleThrowawayClassLoader@62ade015) [was null]
2024-05-20T15:37:15.150-03:00 DEBUG 739374 --- [person-service] [           main] o.h.boot.internal.BootstrapContextImpl   : Injecting ScanEnvironment [org.hibernate.jpa.boot.internal.StandardJpaScanEnvironmentImpl@738a5848] into BootstrapContext; was [null]
2024-05-20T15:37:15.151-03:00 DEBUG 739374 --- [person-service] [           main] o.h.boot.internal.BootstrapContextImpl   : Injecting ScanOptions [org.hibernate.boot.archive.scan.internal.StandardScanOptions@487cd177] into BootstrapContext; was [org.hibernate.boot.archive.scan.internal.StandardScanOptions@324b6a56]
2024-05-20T15:37:15.320-03:00  INFO 739374 --- [person-service] [           main] o.s.o.j.p.SpringPersistenceUnitInfo      : No LoadTimeWeaver setup: ignoring JPA class transformer
2024-05-20T15:37:15.320-03:00 DEBUG 739374 --- [person-service] [           main] o.h.boot.internal.BootstrapContextImpl   : Injecting JPA temp ClassLoader [null] into BootstrapContext; was [org.springframework.instrument.classloading.SimpleThrowawayClassLoader@62ade015]
2024-05-20T15:37:15.320-03:00 DEBUG 739374 --- [person-service] [           main] o.h.boot.internal.ClassLoaderAccessImpl  : ClassLoaderAccessImpl#injectTempClassLoader(null) [was org.springframework.instrument.classloading.SimpleThrowawayClassLoader@62ade015]
2024-05-20T15:37:15.347-03:00  WARN 739374 --- [person-service] [           main] org.hibernate.orm.deprecation            : HHH90000025: MySQL8Dialect does not need to be specified explicitly using 'hibernate.dialect' (remove the property setting and it will be selected by default)
2024-05-20T15:37:15.349-03:00 DEBUG 739374 --- [person-service] [           main] org.hibernate.orm.dialect                : HHH035001: Using dialect: org.hibernate.dialect.MySQL8Dialect, version: 8.0
2024-05-20T15:37:15.349-03:00  WARN 739374 --- [person-service] [           main] org.hibernate.orm.deprecation            : HHH90000026: MySQL8Dialect has been deprecated; use org.hibernate.dialect.MySQLDialect instead
2024-05-20T15:37:15.358-03:00 DEBUG 739374 --- [person-service] [           main] o.h.e.j.env.spi.IdentifierHelperBuilder  : IdentifierCaseStrategy for both quoted and unquoted identifiers was set to the same strategy [MIXED]; that will likely lead to problems in schema update and validation if using quoted identifiers
2024-05-20T15:37:15.363-03:00 DEBUG 739374 --- [person-service] [           main] org.hibernate.orm.jdbc.lob               : HHH10010002: Disabling contextual LOB creation as connection was null
2024-05-20T15:37:15.373-03:00 DEBUG 739374 --- [person-service] [           main] o.h.t.d.sql.spi.DdlTypeRegistry          : addDescriptor(12, org.hibernate.type.descriptor.sql.internal.CapacityDependentDdlType@1537c744) replaced previous registration(org.hibernate.type.descriptor.sql.internal.CapacityDependentDdlType@37314843)
2024-05-20T15:37:15.374-03:00 DEBUG 739374 --- [person-service] [           main] o.h.t.d.sql.spi.DdlTypeRegistry          : addDescriptor(-9, org.hibernate.type.descriptor.sql.internal.CapacityDependentDdlType@50122012) replaced previous registration(org.hibernate.type.descriptor.sql.internal.CapacityDependentDdlType@569348e1)
2024-05-20T15:37:15.374-03:00 DEBUG 739374 --- [person-service] [           main] o.h.t.d.sql.spi.DdlTypeRegistry          : addDescriptor(-3, org.hibernate.type.descriptor.sql.internal.CapacityDependentDdlType@7db5b890) replaced previous registration(org.hibernate.type.descriptor.sql.internal.CapacityDependentDdlType@407b8435)
2024-05-20T15:37:15.374-03:00 DEBUG 739374 --- [person-service] [           main] o.h.t.d.sql.spi.DdlTypeRegistry          : addDescriptor(4003, org.hibernate.type.descriptor.sql.internal.DdlTypeImpl@1282e98) replaced previous registration(org.hibernate.type.descriptor.sql.internal.DdlTypeImpl@4db0ba1c)
2024-05-20T15:37:15.375-03:00 DEBUG 739374 --- [person-service] [           main] o.h.t.d.sql.spi.DdlTypeRegistry          : addDescriptor(4001, org.hibernate.type.descriptor.sql.internal.DdlTypeImpl@1d91fa02) replaced previous registration(org.hibernate.type.descriptor.sql.internal.DdlTypeImpl@1578fa9)
2024-05-20T15:37:15.375-03:00 DEBUG 739374 --- [person-service] [           main] o.h.t.d.sql.spi.DdlTypeRegistry          : addDescriptor(4002, org.hibernate.type.descriptor.sql.internal.DdlTypeImpl@414b2df5) replaced previous registration(org.hibernate.type.descriptor.sql.internal.DdlTypeImpl@9e30f9a)
2024-05-20T15:37:15.375-03:00 DEBUG 739374 --- [person-service] [           main] o.h.t.d.sql.spi.DdlTypeRegistry          : addDescriptor(2004, org.hibernate.type.descriptor.sql.internal.CapacityDependentDdlType@1b30a54e) replaced previous registration(org.hibernate.type.descriptor.sql.internal.DdlTypeImpl@26275b46)
2024-05-20T15:37:15.375-03:00 DEBUG 739374 --- [person-service] [           main] o.h.t.d.sql.spi.DdlTypeRegistry          : addDescriptor(2005, org.hibernate.type.descriptor.sql.internal.CapacityDependentDdlType@3e9beef2) replaced previous registration(org.hibernate.type.descriptor.sql.internal.DdlTypeImpl@2f15a964)
2024-05-20T15:37:15.375-03:00 DEBUG 739374 --- [person-service] [           main] o.h.t.d.sql.spi.DdlTypeRegistry          : addDescriptor(2011, org.hibernate.type.descriptor.sql.internal.CapacityDependentDdlType@3111631d) replaced previous registration(org.hibernate.type.descriptor.sql.internal.DdlTypeImpl@2d70f312)
2024-05-20T15:37:15.377-03:00 DEBUG 739374 --- [person-service] [           main] o.h.t.d.jdbc.spi.JdbcTypeRegistry        : addDescriptor(NCharTypeDescriptor) replaced previous registration(CharTypeDescriptor)
2024-05-20T15:37:15.377-03:00 DEBUG 739374 --- [person-service] [           main] o.h.t.d.jdbc.spi.JdbcTypeRegistry        : addDescriptor(NVarcharTypeDescriptor) replaced previous registration(VarcharTypeDescriptor)
2024-05-20T15:37:15.378-03:00 DEBUG 739374 --- [person-service] [           main] o.h.t.d.jdbc.spi.JdbcTypeRegistry        : addDescriptor(LongNVarcharTypeDescriptor) replaced previous registration(LongVarcharTypeDescriptor)
2024-05-20T15:37:15.379-03:00 DEBUG 739374 --- [person-service] [           main] o.h.t.d.jdbc.spi.JdbcTypeRegistry        : addDescriptor(NClobTypeDescriptor(DEFAULT)) replaced previous registration(ClobTypeDescriptor(DEFAULT))
2024-05-20T15:37:15.379-03:00 DEBUG 739374 --- [person-service] [           main] o.h.t.d.jdbc.spi.JdbcTypeRegistry        : addDescriptor(2005, ClobTypeDescriptor(STREAM_BINDING)) replaced previous registration(ClobTypeDescriptor(DEFAULT))
2024-05-20T15:37:15.389-03:00 DEBUG 739374 --- [person-service] [           main] org.hibernate.type.BasicTypeRegistry     : Adding type registration null -> org.hibernate.type.NullType@5e2a6991
2024-05-20T15:37:15.389-03:00 DEBUG 739374 --- [person-service] [           main] org.hibernate.type.BasicTypeRegistry     : Type registration key [null] overrode previous entry : `org.hibernate.type.NullType@28e8888d`
2024-05-20T15:37:15.392-03:00 DEBUG 739374 --- [person-service] [           main] org.hibernate.type.BasicTypeRegistry     : Adding type registration org.hibernate.type.DurationType -> basicType@1(java.time.Duration,3015)
2024-05-20T15:37:15.393-03:00 DEBUG 739374 --- [person-service] [           main] org.hibernate.type.BasicTypeRegistry     : Adding type registration Duration -> basicType@1(java.time.Duration,3015)
2024-05-20T15:37:15.393-03:00 DEBUG 739374 --- [person-service] [           main] org.hibernate.type.BasicTypeRegistry     : Adding type registration java.time.Duration -> basicType@1(java.time.Duration,3015)
2024-05-20T15:37:15.396-03:00 DEBUG 739374 --- [person-service] [           main] org.hibernate.type.BasicTypeRegistry     : Adding type registration org.hibernate.type.OffsetDateTimeType -> basicType@2(java.time.OffsetDateTime,3003)
2024-05-20T15:37:15.396-03:00 DEBUG 739374 --- [person-service] [           main] org.hibernate.type.BasicTypeRegistry     : Adding type registration OffsetDateTime -> basicType@2(java.time.OffsetDateTime,3003)
2024-05-20T15:37:15.396-03:00 DEBUG 739374 --- [person-service] [           main] org.hibernate.type.BasicTypeRegistry     : Adding type registration java.time.OffsetDateTime -> basicType@2(java.time.OffsetDateTime,3003)
2024-05-20T15:37:15.396-03:00 DEBUG 739374 --- [person-service] [           main] org.hibernate.type.BasicTypeRegistry     : Adding type registration org.hibernate.type.ZonedDateTimeType -> basicType@3(java.time.ZonedDateTime,3003)
2024-05-20T15:37:15.396-03:00 DEBUG 739374 --- [person-service] [           main] org.hibernate.type.BasicTypeRegistry     : Adding type registration ZonedDateTime -> basicType@3(java.time.ZonedDateTime,3003)
2024-05-20T15:37:15.396-03:00 DEBUG 739374 --- [person-service] [           main] org.hibernate.type.BasicTypeRegistry     : Adding type registration java.time.ZonedDateTime -> basicType@3(java.time.ZonedDateTime,3003)
2024-05-20T15:37:15.397-03:00 DEBUG 739374 --- [person-service] [           main] org.hibernate.type.BasicTypeRegistry     : Adding type registration org.hibernate.type.OffsetTimeType -> basicType@4(java.time.OffsetTime,3007)
2024-05-20T15:37:15.397-03:00 DEBUG 739374 --- [person-service] [           main] org.hibernate.type.BasicTypeRegistry     : Adding type registration OffsetTime -> basicType@4(java.time.OffsetTime,3007)
2024-05-20T15:37:15.397-03:00 DEBUG 739374 --- [person-service] [           main] org.hibernate.type.BasicTypeRegistry     : Adding type registration java.time.OffsetTime -> basicType@4(java.time.OffsetTime,3007)
2024-05-20T15:37:15.398-03:00 DEBUG 739374 --- [person-service] [           main] o.h.type.spi.TypeConfiguration$Scope     : Scoping TypeConfiguration [org.hibernate.type.spi.TypeConfiguration@33bdd01] to MetadataBuildingContext [org.hibernate.boot.internal.MetadataBuildingContextRootImpl@159ac15f]
2024-05-20T15:37:15.427-03:00 DEBUG 739374 --- [person-service] [           main] o.h.boot.model.relational.Namespace      : Created database namespace [logicalName=Name{catalog=null, schema=null}, physicalName=Name{catalog=null, schema=null}]
2024-05-20T15:37:15.446-03:00 DEBUG 739374 --- [person-service] [           main] o.h.boot.model.internal.EntityBinder     : Binding entity from annotated class: com.srmasset.ports.outbound.database.loan.dao.LoanDAO
2024-05-20T15:37:15.453-03:00 DEBUG 739374 --- [person-service] [           main] o.h.boot.model.internal.EntityBinder     : Import with entity name LoanDAO
2024-05-20T15:37:15.460-03:00 DEBUG 739374 --- [person-service] [           main] o.h.boot.model.internal.EntityBinder     : Bind entity com.srmasset.ports.outbound.database.loan.dao.LoanDAO on table loan
2024-05-20T15:37:15.466-03:00 DEBUG 739374 --- [person-service] [           main] o.h.boot.model.internal.AnnotatedColumn  : Binding column: AnnotatedDiscriminatorColumn(column='DTYPE')
2024-05-20T15:37:15.483-03:00 DEBUG 739374 --- [person-service] [           main] o.h.boot.model.internal.AnnotatedColumn  : Binding column: AnnotatedColumn(column='ID')
2024-05-20T15:37:15.484-03:00 DEBUG 739374 --- [person-service] [           main] o.h.boot.internal.ClassLoaderAccessImpl  : Not known whether passed class name [com.srmasset.ports.outbound.database.loan.dao.LoanDAO] is safe
2024-05-20T15:37:15.484-03:00 DEBUG 739374 --- [person-service] [           main] o.h.boot.internal.ClassLoaderAccessImpl  : No temp ClassLoader provided; using live ClassLoader for loading potentially unsafe class : com.srmasset.ports.outbound.database.loan.dao.LoanDAO
2024-05-20T15:37:15.487-03:00 DEBUG 739374 --- [person-service] [           main] o.h.boot.model.internal.PropertyBinder   : MetadataSourceProcessor property id with lazy=false
2024-05-20T15:37:15.490-03:00 DEBUG 739374 --- [person-service] [           main] o.h.b.m.internal.AbstractPropertyHolder  : Attempting to locate auto-apply AttributeConverter for property [com.srmasset.ports.outbound.database.loan.dao.LoanDAO:id]
2024-05-20T15:37:15.493-03:00 DEBUG 739374 --- [person-service] [           main] o.h.b.model.internal.BasicValueBinder    : building BasicValue for id
2024-05-20T15:37:15.495-03:00 DEBUG 739374 --- [person-service] [           main] org.hibernate.mapping.BasicValue         : Skipping column re-registration: loan.id
2024-05-20T15:37:15.496-03:00 DEBUG 739374 --- [person-service] [           main] o.h.boot.model.internal.PropertyBinder   : Building property id
2024-05-20T15:37:15.499-03:00 DEBUG 739374 --- [person-service] [           main] o.h.boot.model.internal.BinderHelper     : #makeIdGenerator(BasicValue([Column(id)]), id, identity, , ...)
2024-05-20T15:37:15.502-03:00 DEBUG 739374 --- [person-service] [           main] o.h.boot.model.internal.AnnotatedColumn  : Binding column: AnnotatedColumn()
2024-05-20T15:37:15.502-03:00 DEBUG 739374 --- [person-service] [           main] o.h.boot.model.internal.PropertyBinder   : MetadataSourceProcessor property creationDate with lazy=false
2024-05-20T15:37:15.502-03:00 DEBUG 739374 --- [person-service] [           main] o.h.b.m.internal.AbstractPropertyHolder  : Attempting to locate auto-apply AttributeConverter for property [com.srmasset.ports.outbound.database.loan.dao.LoanDAO:creationDate]
2024-05-20T15:37:15.502-03:00 DEBUG 739374 --- [person-service] [           main] o.h.b.model.internal.BasicValueBinder    : building BasicValue for creationDate
2024-05-20T15:37:15.502-03:00 DEBUG 739374 --- [person-service] [           main] org.hibernate.mapping.BasicValue         : Skipping column re-registration: loan.creation_date
2024-05-20T15:37:15.503-03:00 DEBUG 739374 --- [person-service] [           main] o.h.boot.model.internal.PropertyBinder   : Building property creationDate
2024-05-20T15:37:15.504-03:00 DEBUG 739374 --- [person-service] [           main] o.h.boot.model.internal.AnnotatedColumn  : Binding column: AnnotatedColumn(column='NUMBER_OF_INSTALLMENTS')
2024-05-20T15:37:15.505-03:00 DEBUG 739374 --- [person-service] [           main] o.h.boot.model.internal.PropertyBinder   : MetadataSourceProcessor property numberOfInstallments with lazy=false
2024-05-20T15:37:15.505-03:00 DEBUG 739374 --- [person-service] [           main] o.h.b.m.internal.AbstractPropertyHolder  : Attempting to locate auto-apply AttributeConverter for property [com.srmasset.ports.outbound.database.loan.dao.LoanDAO:numberOfInstallments]
2024-05-20T15:37:15.505-03:00 DEBUG 739374 --- [person-service] [           main] o.h.b.model.internal.BasicValueBinder    : building BasicValue for numberOfInstallments
2024-05-20T15:37:15.505-03:00 DEBUG 739374 --- [person-service] [           main] org.hibernate.mapping.BasicValue         : Skipping column re-registration: loan.number_of_installments
2024-05-20T15:37:15.505-03:00 DEBUG 739374 --- [person-service] [           main] o.h.boot.model.internal.PropertyBinder   : Building property numberOfInstallments
2024-05-20T15:37:15.506-03:00 DEBUG 739374 --- [person-service] [           main] o.h.boot.model.internal.AnnotatedColumn  : Binding column: AnnotatedColumn(column='PAYMENT_STATUS')
2024-05-20T15:37:15.506-03:00 DEBUG 739374 --- [person-service] [           main] o.h.boot.model.internal.PropertyBinder   : MetadataSourceProcessor property paymentStatus with lazy=false
2024-05-20T15:37:15.506-03:00 DEBUG 739374 --- [person-service] [           main] o.h.b.m.internal.AbstractPropertyHolder  : Attempting to locate auto-apply AttributeConverter for property [com.srmasset.ports.outbound.database.loan.dao.LoanDAO:paymentStatus]
2024-05-20T15:37:15.506-03:00 DEBUG 739374 --- [person-service] [           main] o.h.b.model.internal.BasicValueBinder    : building BasicValue for paymentStatus
2024-05-20T15:37:15.506-03:00 DEBUG 739374 --- [person-service] [           main] org.hibernate.mapping.BasicValue         : Skipping column re-registration: loan.payment_status
2024-05-20T15:37:15.506-03:00 DEBUG 739374 --- [person-service] [           main] o.h.boot.model.internal.PropertyBinder   : Building property paymentStatus
2024-05-20T15:37:15.508-03:00 DEBUG 739374 --- [person-service] [           main] o.h.boot.model.internal.AnnotatedColumn  : Binding column: AnnotatedJoinColumn(column='PERSON_ID')
2024-05-20T15:37:15.509-03:00 DEBUG 739374 --- [person-service] [           main] o.h.boot.model.internal.AnnotatedColumn  : Binding column: AnnotatedColumn()
2024-05-20T15:37:15.513-03:00 DEBUG 739374 --- [person-service] [           main] o.h.boot.model.internal.PropertyBinder   : Building property person
2024-05-20T15:37:15.514-03:00 DEBUG 739374 --- [person-service] [           main] o.h.boot.model.internal.AnnotatedColumn  : Binding column: AnnotatedColumn(column='LOAN_VALUE')
2024-05-20T15:37:15.514-03:00 DEBUG 739374 --- [person-service] [           main] o.h.boot.model.internal.PropertyBinder   : MetadataSourceProcessor property value with lazy=false
2024-05-20T15:37:15.514-03:00 DEBUG 739374 --- [person-service] [           main] o.h.b.m.internal.AbstractPropertyHolder  : Attempting to locate auto-apply AttributeConverter for property [com.srmasset.ports.outbound.database.loan.dao.LoanDAO:value]
2024-05-20T15:37:15.514-03:00 DEBUG 739374 --- [person-service] [           main] o.h.b.model.internal.BasicValueBinder    : building BasicValue for value
2024-05-20T15:37:15.515-03:00 DEBUG 739374 --- [person-service] [           main] org.hibernate.mapping.BasicValue         : Skipping column re-registration: loan.loan_value
2024-05-20T15:37:15.515-03:00 DEBUG 739374 --- [person-service] [           main] o.h.boot.model.internal.PropertyBinder   : Building property value
2024-05-20T15:37:15.516-03:00 DEBUG 739374 --- [person-service] [           main] o.h.b.r.c.i.ClassLoaderServiceImpl       : HHH000194: Package not found or wo package-info.java: com.srmasset.ports.outbound.database.loan.dao
2024-05-20T15:37:15.519-03:00 DEBUG 739374 --- [person-service] [           main] o.h.boot.model.internal.EntityBinder     : Binding entity from annotated class: com.srmasset.ports.outbound.database.loan.dao.PersonDAO
2024-05-20T15:37:15.520-03:00 DEBUG 739374 --- [person-service] [           main] o.h.boot.model.internal.EntityBinder     : Import with entity name PersonDAO
2024-05-20T15:37:15.520-03:00 DEBUG 739374 --- [person-service] [           main] o.h.boot.model.internal.EntityBinder     : Bind entity com.srmasset.ports.outbound.database.loan.dao.PersonDAO on table person
2024-05-20T15:37:15.520-03:00 DEBUG 739374 --- [person-service] [           main] o.h.boot.model.internal.AnnotatedColumn  : Binding column: AnnotatedDiscriminatorColumn(column='DTYPE')
2024-05-20T15:37:15.521-03:00 DEBUG 739374 --- [person-service] [           main] o.h.boot.model.internal.AnnotatedColumn  : Binding column: AnnotatedColumn(column='ID')
2024-05-20T15:37:15.521-03:00 DEBUG 739374 --- [person-service] [           main] o.h.boot.internal.ClassLoaderAccessImpl  : Not known whether passed class name [com.srmasset.ports.outbound.database.loan.dao.PersonDAO] is safe
2024-05-20T15:37:15.521-03:00 DEBUG 739374 --- [person-service] [           main] o.h.boot.internal.ClassLoaderAccessImpl  : No temp ClassLoader provided; using live ClassLoader for loading potentially unsafe class : com.srmasset.ports.outbound.database.loan.dao.PersonDAO
2024-05-20T15:37:15.521-03:00 DEBUG 739374 --- [person-service] [           main] o.h.boot.model.internal.PropertyBinder   : MetadataSourceProcessor property id with lazy=false
2024-05-20T15:37:15.521-03:00 DEBUG 739374 --- [person-service] [           main] o.h.b.m.internal.AbstractPropertyHolder  : Attempting to locate auto-apply AttributeConverter for property [com.srmasset.ports.outbound.database.loan.dao.PersonDAO:id]
2024-05-20T15:37:15.522-03:00 DEBUG 739374 --- [person-service] [           main] o.h.b.model.internal.BasicValueBinder    : building BasicValue for id
2024-05-20T15:37:15.522-03:00 DEBUG 739374 --- [person-service] [           main] org.hibernate.mapping.BasicValue         : Skipping column re-registration: person.id
2024-05-20T15:37:15.522-03:00 DEBUG 739374 --- [person-service] [           main] o.h.boot.model.internal.PropertyBinder   : Building property id
2024-05-20T15:37:15.522-03:00 DEBUG 739374 --- [person-service] [           main] o.h.boot.model.internal.BinderHelper     : #makeIdGenerator(BasicValue([Column(id)]), id, identity, , ...)
2024-05-20T15:37:15.522-03:00 DEBUG 739374 --- [person-service] [           main] o.h.b.r.c.i.ClassLoaderServiceImpl       : HHH000194: Package not found or wo package-info.java: com.srmasset.ports.outbound.database.loan.dao
2024-05-20T15:37:15.524-03:00 DEBUG 739374 --- [person-service] [           main] o.h.b.model.internal.BasicValueBinder    : Starting `BasicValueBinder#fillSimpleValue` for id
2024-05-20T15:37:15.525-03:00 DEBUG 739374 --- [person-service] [           main] o.h.b.model.internal.BasicValueBinder    : Starting `BasicValueBinder#fillSimpleValue` for creationDate
2024-05-20T15:37:15.525-03:00 DEBUG 739374 --- [person-service] [           main] o.h.b.model.internal.BasicValueBinder    : Starting `BasicValueBinder#fillSimpleValue` for numberOfInstallments
2024-05-20T15:37:15.525-03:00 DEBUG 739374 --- [person-service] [           main] o.h.b.model.internal.BasicValueBinder    : Starting `BasicValueBinder#fillSimpleValue` for paymentStatus
2024-05-20T15:37:15.526-03:00 DEBUG 739374 --- [person-service] [           main] o.h.b.model.internal.BasicValueBinder    : Starting `BasicValueBinder#fillSimpleValue` for value
2024-05-20T15:37:15.526-03:00 DEBUG 739374 --- [person-service] [           main] o.h.b.model.internal.BasicValueBinder    : Starting `BasicValueBinder#fillSimpleValue` for id
2024-05-20T15:37:15.530-03:00 DEBUG 739374 --- [person-service] [           main] org.hibernate.mapping.PrimaryKey         : Forcing column [id] to be non-null as it is part of the primary key for table [loan]
2024-05-20T15:37:15.531-03:00 DEBUG 739374 --- [person-service] [           main] org.hibernate.mapping.PrimaryKey         : Forcing column [id] to be non-null as it is part of the primary key for table [person]
2024-05-20T15:37:15.532-03:00 DEBUG 739374 --- [person-service] [           main] o.h.b.i.InFlightMetadataCollectorImpl    : Resolving reference to class: com.srmasset.ports.outbound.database.loan.dao.PersonDAO
2024-05-20T15:37:15.549-03:00 DEBUG 739374 --- [person-service] [           main] o.h.b.i.InFlightMetadataCollectorImpl    : Resolving reference to class: com.srmasset.ports.outbound.database.loan.dao.PersonDAO
2024-05-20T15:37:15.589-03:00 DEBUG 739374 --- [person-service] [           main] o.hibernate.internal.SessionFactoryImpl  : Building session factory
2024-05-20T15:37:15.647-03:00 DEBUG 739374 --- [person-service] [           main] .h.s.i.SessionFactoryServiceRegistryImpl : EventListenerRegistry access via ServiceRegistry is deprecated.  Use `sessionFactory.getEventEngine().getListenerRegistry()` instead
[...]

   PulsarReactiveAutoConfiguration:
      Did not match:
         - @ConditionalOnClass did not find required class 'org.apache.pulsar.client.api.PulsarClient' (OnClassCondition)

   QuartzAutoConfiguration:
      Did not match:
         - @ConditionalOnClass did not find required class 'org.quartz.Scheduler' (OnClassCondition)

   R2dbcAutoConfiguration:
      Did not match:
         - @ConditionalOnClass did not find required class 'io.r2dbc.spi.ConnectionFactory' (OnClassCondition)

   R2dbcDataAutoConfiguration:
      Did not match:
         - @ConditionalOnClass did not find required class 'org.springframework.data.r2dbc.core.R2dbcEntityTemplate' (OnClassCondition)

   R2dbcRepositoriesAutoConfiguration:
      Did not match:
         - @ConditionalOnClass did not find required class 'io.r2dbc.spi.ConnectionFactory' (OnClassCondition)

   R2dbcTransactionManagerAutoConfiguration:
      Did not match:
         - @ConditionalOnClass did not find required class 'org.springframework.r2dbc.connection.R2dbcTransactionManager' (OnClassCondition)

   RSocketGraphQlClientAutoConfiguration:
      Did not match:
         - @ConditionalOnClass did not find required class 'graphql.GraphQL' (OnClassCondition)

   RSocketMessagingAutoConfiguration:
      Did not match:
         - @ConditionalOnClass did not find required class 'io.rsocket.RSocket' (OnClassCondition)

   RSocketRequesterAutoConfiguration:
      Did not match:
         - @ConditionalOnClass did not find required class 'io.rsocket.RSocket' (OnClassCondition)

   RSocketSecurityAutoConfiguration:
      Did not match:
         - @ConditionalOnClass did not find required class 'org.springframework.security.rsocket.core.SecuritySocketAcceptorInterceptor' (OnClassCondition)

   RSocketServerAutoConfiguration:
      Did not match:
         - @ConditionalOnClass did not find required class 'io.rsocket.core.RSocketServer' (OnClassCondition)

   RSocketStrategiesAutoConfiguration:
      Did not match:
         - @ConditionalOnClass did not find required class 'io.netty.buffer.PooledByteBufAllocator' (OnClassCondition)

   RabbitAutoConfiguration:
      Did not match:
         - @ConditionalOnClass did not find required class 'com.rabbitmq.client.Channel' (OnClassCondition)

   ReactiveElasticsearchClientAutoConfiguration:
      Did not match:
         - @ConditionalOnClass did not find required class 'co.elastic.clients.transport.ElasticsearchTransport' (OnClassCondition)

   ReactiveElasticsearchRepositoriesAutoConfiguration:
      Did not match:
         - @ConditionalOnClass did not find required class 'org.springframework.data.elasticsearch.client.elc.ReactiveElasticsearchClient' (OnClassCondition)

   ReactiveMultipartAutoConfiguration:
      Did not match:
         - @ConditionalOnClass did not find required class 'org.springframework.web.reactive.config.WebFluxConfigurer' (OnClassCondition)

   ReactiveOAuth2ClientAutoConfiguration:
      Did not match:
         - @ConditionalOnClass did not find required class 'reactor.core.publisher.Flux' (OnClassCondition)

   ReactiveOAuth2ResourceServerAutoConfiguration:
      Did not match:
         - @ConditionalOnClass did not find required class 'org.springframework.security.config.annotation.web.reactive.EnableWebFluxSecurity' (OnClassCondition)

   ReactiveSecurityAutoConfiguration:
      Did not match:
         - @ConditionalOnClass did not find required class 'reactor.core.publisher.Flux' (OnClassCondition)

   ReactiveUserDetailsServiceAutoConfiguration:
      Did not match:
         - @ConditionalOnClass did not find required class 'org.springframework.security.authentication.ReactiveAuthenticationManager' (OnClassCondition)

   ReactiveWebServerFactoryAutoConfiguration:
      Did not match:
         - @ConditionalOnWebApplication did not find reactive web application classes (OnWebApplicationCondition)

   ReactorAutoConfiguration:
      Did not match:
         - @ConditionalOnClass did not find required class 'reactor.core.publisher.Hooks' (OnClassCondition)

   RedisAutoConfiguration:
      Did not match:
         - @ConditionalOnClass did not find required class 'org.springframework.data.redis.core.RedisOperations' (OnClassCondition)

   RedisCacheConfiguration:
      Did not match:
         - @ConditionalOnClass did not find required class 'org.springframework.data.redis.connection.RedisConnectionFactory' (OnClassCondition)

   RedisReactiveAutoConfiguration:
      Did not match:
         - @ConditionalOnClass did not find required class 'reactor.core.publisher.Flux' (OnClassCondition)

   RedisRepositoriesAutoConfiguration:
      Did not match:
         - @ConditionalOnClass did not find required class 'org.springframework.data.redis.repository.configuration.EnableRedisRepositories' (OnClassCondition)

   RepositoryRestMvcAutoConfiguration:
      Did not match:
         - @ConditionalOnClass did not find required class 'org.springframework.data.rest.webmvc.config.RepositoryRestMvcConfiguration' (OnClassCondition)

   Saml2RelyingPartyAutoConfiguration:
      Did not match:
         - @ConditionalOnClass did not find required class 'org.springframework.security.saml2.provider.service.registration.RelyingPartyRegistrationRepository' (OnClassCondition)

   SecurityAutoConfiguration:
      Did not match:
         - @ConditionalOnClass did not find required class 'org.springframework.security.authentication.DefaultAuthenticationEventPublisher' (OnClassCondition)

   SecurityFilterAutoConfiguration:
      Did not match:
         - @ConditionalOnClass did not find required class 'org.springframework.security.config.http.SessionCreationPolicy' (OnClassCondition)

   SendGridAutoConfiguration:
      Did not match:
         - @ConditionalOnClass did not find required class 'com.sendgrid.SendGrid' (OnClassCondition)

   ServletWebServerFactoryAutoConfiguration.ForwardedHeaderFilterConfiguration:
      Did not match:
         - @ConditionalOnProperty (server.forward-headers-strategy=framework) did not find property 'server.forward-headers-strategy' (OnPropertyCondition)

   ServletWebServerFactoryConfiguration.EmbeddedJetty:
      Did not match:
         - @ConditionalOnClass did not find required classes 'org.eclipse.jetty.server.Server', 'org.eclipse.jetty.util.Loader', 'org.eclipse.jetty.ee10.webapp.WebAppContext' (OnClassCondition)

   ServletWebServerFactoryConfiguration.EmbeddedUndertow:
      Did not match:
         - @ConditionalOnClass did not find required classes 'io.undertow.Undertow', 'org.xnio.SslClientAuthMode' (OnClassCondition)

   SessionAutoConfiguration:
      Did not match:
         - @ConditionalOnClass did not find required class 'org.springframework.session.Session' (OnClassCondition)

   SpringApplicationAdminJmxAutoConfiguration:
      Did not match:
         - @ConditionalOnProperty (spring.application.admin.enabled=true) did not find property 'enabled' (OnPropertyCondition)

   SqlInitializationAutoConfiguration:
      Did not match:
         - NoneNestedConditions 1 matched 0 did not; NestedCondition on SqlInitializationAutoConfiguration.SqlInitializationModeCondition.ModeIsNever @ConditionalOnProperty (spring.sql.init.mode=never) matched (SqlInitializationAutoConfiguration.SqlInitializationModeCondition)
      Matched:
         - @ConditionalOnProperty (spring.sql.init.enabled) matched (OnPropertyCondition)

   TaskExecutorConfigurations.SimpleAsyncTaskExecutorBuilderConfiguration#simpleAsyncTaskExecutorBuilderVirtualThreads:
      Did not match:
         - @ConditionalOnMissingBean (types: org.springframework.boot.task.SimpleAsyncTaskExecutorBuilder; SearchStrategy: all) found beans of type 'org.springframework.boot.task.SimpleAsyncTaskExecutorBuilder' simpleAsyncTaskExecutorBuilder (OnBeanCondition)

   TaskExecutorConfigurations.TaskExecutorConfiguration#applicationTaskExecutorVirtualThreads:
      Did not match:
         - @ConditionalOnThreading did not find VIRTUAL (OnThreadingCondition)

   TaskSchedulingAutoConfiguration#scheduledBeanLazyInitializationExcludeFilter:
      Did not match:
         - @ConditionalOnBean (names: org.springframework.context.annotation.internalScheduledAnnotationProcessor; SearchStrategy: all) did not find any beans named org.springframework.context.annotation.internalScheduledAnnotationProcessor (OnBeanCondition)

   TaskSchedulingConfigurations.SimpleAsyncTaskSchedulerBuilderConfiguration#simpleAsyncTaskSchedulerBuilderVirtualThreads:
      Did not match:
         - @ConditionalOnMissingBean (types: org.springframework.boot.task.SimpleAsyncTaskSchedulerBuilder; SearchStrategy: all) found beans of type 'org.springframework.boot.task.SimpleAsyncTaskSchedulerBuilder' simpleAsyncTaskSchedulerBuilder (OnBeanCondition)

   TaskSchedulingConfigurations.TaskSchedulerConfiguration:
      Did not match:
         - @ConditionalOnBean (names: org.springframework.context.annotation.internalScheduledAnnotationProcessor; SearchStrategy: all) did not find any beans named org.springframework.context.annotation.internalScheduledAnnotationProcessor (OnBeanCondition)

   ThymeleafAutoConfiguration:
      Did not match:
         - @ConditionalOnClass did not find required class 'org.thymeleaf.spring6.SpringTemplateEngine' (OnClassCondition)

   TransactionAutoConfiguration#transactionalOperator:
      Did not match:
         - @ConditionalOnSingleCandidate (types: org.springframework.transaction.ReactiveTransactionManager; SearchStrategy: all) did not find any beans (OnBeanCondition)

   TransactionAutoConfiguration.AspectJTransactionManagementConfiguration:
      Did not match:
         - @ConditionalOnBean (types: org.springframework.transaction.aspectj.AbstractTransactionAspect; SearchStrategy: all) did not find any beans of type org.springframework.transaction.aspectj.AbstractTransactionAspect (OnBeanCondition)

   TransactionAutoConfiguration.EnableTransactionManagementConfiguration.JdkDynamicAutoProxyConfiguration:
      Did not match:
         - @ConditionalOnProperty (spring.aop.proxy-target-class=false) did not find property 'proxy-target-class' (OnPropertyCondition)

   UserDetailsServiceAutoConfiguration:
      Did not match:
         - @ConditionalOnClass did not find required class 'org.springframework.security.authentication.AuthenticationManager' (OnClassCondition)

   ValidationAutoConfiguration:
      Did not match:
         - @ConditionalOnClass did not find required class 'jakarta.validation.executable.ExecutableValidator' (OnClassCondition)

   WebClientAutoConfiguration:
      Did not match:
         - @ConditionalOnClass did not find required class 'org.springframework.web.reactive.function.client.WebClient' (OnClassCondition)

   WebFluxAutoConfiguration:
      Did not match:
         - @ConditionalOnClass did not find required class 'org.springframework.web.reactive.config.WebFluxConfigurer' (OnClassCondition)

   WebMvcAutoConfiguration#hiddenHttpMethodFilter:
      Did not match:
         - @ConditionalOnProperty (spring.mvc.hiddenmethod.filter.enabled) did not find property 'enabled' (OnPropertyCondition)

   WebMvcAutoConfiguration.ProblemDetailsErrorHandlingConfiguration:
      Did not match:
         - @ConditionalOnProperty (spring.mvc.problemdetails.enabled=true) did not find property 'enabled' (OnPropertyCondition)

   WebMvcAutoConfiguration.ResourceChainCustomizerConfiguration:
      Did not match:
         - @ConditionalOnEnabledResourceChain did not find class org.webjars.WebJarAssetLocator (OnEnabledResourceChainCondition)

   WebMvcAutoConfiguration.WebMvcAutoConfigurationAdapter#beanNameViewResolver:
      Did not match:
         - @ConditionalOnMissingBean (types: org.springframework.web.servlet.view.BeanNameViewResolver; SearchStrategy: all) found beans of type 'org.springframework.web.servlet.view.BeanNameViewResolver' beanNameViewResolver (OnBeanCondition)

   WebServiceTemplateAutoConfiguration:
      Did not match:
         - @ConditionalOnClass did not find required class 'org.springframework.oxm.Marshaller' (OnClassCondition)

   WebServicesAutoConfiguration:
      Did not match:
         - @ConditionalOnClass did not find required class 'org.springframework.ws.transport.http.MessageDispatcherServlet' (OnClassCondition)

   WebSessionIdResolverAutoConfiguration:
      Did not match:
         - @ConditionalOnClass did not find required class 'reactor.core.publisher.Mono' (OnClassCondition)

   WebSocketMessagingAutoConfiguration:
      Did not match:
         - @ConditionalOnClass did not find required class 'org.springframework.web.socket.config.annotation.WebSocketMessageBrokerConfigurer' (OnClassCondition)

   WebSocketReactiveAutoConfiguration:
      Did not match:
         - @ConditionalOnWebApplication did not find reactive web application classes (OnWebApplicationCondition)

   WebSocketServletAutoConfiguration.JettyWebSocketConfiguration:
      Did not match:
         - @ConditionalOnClass did not find required class 'org.eclipse.jetty.ee10.websocket.jakarta.server.config.JakartaWebSocketServletContainerInitializer' (OnClassCondition)

   WebSocketServletAutoConfiguration.UndertowWebSocketConfiguration:
      Did not match:
         - @ConditionalOnClass did not find required class 'io.undertow.websockets.jsr.Bootstrap' (OnClassCondition)

   XADataSourceAutoConfiguration:
      Did not match:
         - @ConditionalOnBean (types: org.springframework.boot.jdbc.XADataSourceWrapper; SearchStrategy: all) did not find any beans of type org.springframework.boot.jdbc.XADataSourceWrapper (OnBeanCondition)
      Matched:
         - @ConditionalOnClass found required classes 'javax.sql.DataSource', 'jakarta.transaction.TransactionManager', 'org.springframework.jdbc.datasource.embedded.EmbeddedDatabaseType' (OnClassCondition)


Exclusions:
-----------

    None


Unconditional classes:
----------------------

    org.springframework.boot.autoconfigure.context.ConfigurationPropertiesAutoConfiguration

    org.springframework.boot.autoconfigure.ssl.SslAutoConfiguration

    org.springframework.boot.autoconfigure.context.LifecycleAutoConfiguration

    org.springframework.boot.autoconfigure.context.PropertyPlaceholderAutoConfiguration

    org.springframework.boot.autoconfigure.availability.ApplicationAvailabilityAutoConfiguration

    org.springframework.boot.autoconfigure.info.ProjectInfoAutoConfiguration



2024-05-20T15:37:17.289-03:00  INFO 739374 --- [person-service] [           main] com.srmasset.ApplicationTests            : Started ApplicationTests in 3.84 seconds (process running for 4.601)
2024-05-20T15:37:17.291-03:00 DEBUG 739374 --- [person-service] [           main] o.s.b.a.ApplicationAvailabilityBean      : Application availability state LivenessState changed to CORRECT
2024-05-20T15:37:17.293-03:00 DEBUG 739374 --- [person-service] [           main] o.s.b.a.ApplicationAvailabilityBean      : Application availability state ReadinessState changed to ACCEPTING_TRAFFIC
2024-05-20T15:37:17.295-03:00 DEBUG 739374 --- [person-service] [           main] org.springframework.test.context.cache   : Spring test ApplicationContext cache statistics: [DefaultContextCache@531b1778 size = 1, maxSize = 32, parentContextCount = 0, hitCount = 0, missCount = 1, failureCount = 0]
2024-05-20T15:37:17.296-03:00 DEBUG 739374 --- [person-service] [           main] o.s.t.c.w.ServletTestExecutionListener   : Setting up MockHttpServletRequest, MockHttpServletResponse, ServletWebRequest, and RequestContextHolder for test class com.srmasset.ApplicationTests
2024-05-20T15:37:17.316-03:00 DEBUG 739374 --- [person-service] [           main] DependencyInjectionTestExecutionListener : Performing dependency injection for test class com.srmasset.ApplicationTests
2024-05-20T15:37:17.317-03:00 DEBUG 739374 --- [person-service] [           main] org.springframework.test.context.cache   : Spring test ApplicationContext cache statistics: [DefaultContextCache@531b1778 size = 1, maxSize = 32, parentContextCount = 0, hitCount = 1, missCount = 1, failureCount = 0]
2024-05-20T15:37:17.319-03:00 DEBUG 739374 --- [person-service] [           main] org.springframework.test.context.cache   : Spring test ApplicationContext cache statistics: [DefaultContextCache@531b1778 size = 1, maxSize = 32, parentContextCount = 0, hitCount = 2, missCount = 1, failureCount = 0]
2024-05-20T15:37:17.334-03:00 DEBUG 739374 --- [person-service] [           main] sContextBeforeModesTestExecutionListener : Before test method: class [ApplicationTests], method [contextLoads], class annotated with @DirtiesContext [false] with mode [null], method annotated with @DirtiesContext [false] with mode [null]
2024-05-20T15:37:17.337-03:00 DEBUG 739374 --- [person-service] [           main] org.springframework.test.context.cache   : Spring test ApplicationContext cache statistics: [DefaultContextCache@531b1778 size = 1, maxSize = 32, parentContextCount = 0, hitCount = 3, missCount = 1, failureCount = 0]
2024-05-20T15:37:17.337-03:00 DEBUG 739374 --- [person-service] [           main] org.springframework.test.context.cache   : Spring test ApplicationContext cache statistics: [DefaultContextCache@531b1778 size = 1, maxSize = 32, parentContextCount = 0, hitCount = 4, missCount = 1, failureCount = 0]
2024-05-20T15:37:17.774-03:00 DEBUG 739374 --- [person-service] [           main] org.springframework.test.context.cache   : Spring test ApplicationContext cache statistics: [DefaultContextCache@531b1778 size = 1, maxSize = 32, parentContextCount = 0, hitCount = 5, missCount = 1, failureCount = 0]
2024-05-20T15:37:17.778-03:00 DEBUG 739374 --- [person-service] [           main] org.springframework.test.context.cache   : Spring test ApplicationContext cache statistics: [DefaultContextCache@531b1778 size = 1, maxSize = 32, parentContextCount = 0, hitCount = 6, missCount = 1, failureCount = 0]
2024-05-20T15:37:17.779-03:00 DEBUG 739374 --- [person-service] [           main] org.springframework.test.context.cache   : Spring test ApplicationContext cache statistics: [DefaultContextCache@531b1778 size = 1, maxSize = 32, parentContextCount = 0, hitCount = 7, missCount = 1, failureCount = 0]
2024-05-20T15:37:17.779-03:00 DEBUG 739374 --- [person-service] [           main] org.springframework.test.context.cache   : Spring test ApplicationContext cache statistics: [DefaultContextCache@531b1778 size = 1, maxSize = 32, parentContextCount = 0, hitCount = 8, missCount = 1, failureCount = 0]
2024-05-20T15:37:17.779-03:00 DEBUG 739374 --- [person-service] [           main] org.springframework.test.context.cache   : Spring test ApplicationContext cache statistics: [DefaultContextCache@531b1778 size = 1, maxSize = 32, parentContextCount = 0, hitCount = 9, missCount = 1, failureCount = 0]
2024-05-20T15:37:17.780-03:00 DEBUG 739374 --- [person-service] [           main] org.springframework.test.context.cache   : Spring test ApplicationContext cache statistics: [DefaultContextCache@531b1778 size = 1, maxSize = 32, parentContextCount = 0, hitCount = 10, missCount = 1, failureCount = 0]
2024-05-20T15:37:17.782-03:00 DEBUG 739374 --- [person-service] [           main] org.springframework.test.context.cache   : Spring test ApplicationContext cache statistics: [DefaultContextCache@531b1778 size = 1, maxSize = 32, parentContextCount = 0, hitCount = 11, missCount = 1, failureCount = 0]
2024-05-20T15:37:17.782-03:00 DEBUG 739374 --- [person-service] [           main] .c.s.DirtiesContextTestExecutionListener : After test method: class [ApplicationTests], method [contextLoads], class annotated with @DirtiesContext [false] with mode [null], method annotated with @DirtiesContext [false] with mode [null]
2024-05-20T15:37:17.783-03:00 DEBUG 739374 --- [person-service] [           main] o.s.t.c.w.ServletTestExecutionListener   : Resetting RequestContextHolder for test class com.srmasset.ApplicationTests
]]></system-out>
  </testcase>
</testsuite>